{"C:\\Users\\mikko\\Kurssit\\Ohjelmistojen ylläpito ja testaus\\vikaharkka\\test\\add.test.js":{"path":"C:\\Users\\mikko\\Kurssit\\Ohjelmistojen ylläpito ja testaus\\vikaharkka\\test\\add.test.js","statementMap":{"0":{"start":{"line":4,"column":0},"end":{"line":29,"column":3}},"1":{"start":{"line":5,"column":2},"end":{"line":7,"column":5}},"2":{"start":{"line":6,"column":4},"end":{"line":6,"column":35}},"3":{"start":{"line":9,"column":2},"end":{"line":11,"column":5}},"4":{"start":{"line":10,"column":4},"end":{"line":10,"column":38}},"5":{"start":{"line":13,"column":2},"end":{"line":15,"column":5}},"6":{"start":{"line":14,"column":4},"end":{"line":14,"column":36}},"7":{"start":{"line":17,"column":2},"end":{"line":20,"column":5}},"8":{"start":{"line":18,"column":4},"end":{"line":18,"column":42}},"9":{"start":{"line":19,"column":4},"end":{"line":19,"column":42}},"10":{"start":{"line":22,"column":2},"end":{"line":24,"column":5}},"11":{"start":{"line":23,"column":4},"end":{"line":23,"column":50}},"12":{"start":{"line":26,"column":2},"end":{"line":28,"column":5}},"13":{"start":{"line":27,"column":4},"end":{"line":27,"column":53}}},"fnMap":{"0":{"name":"(anonymous_0)","decl":{"start":{"line":4,"column":16},"end":{"line":4,"column":17}},"loc":{"start":{"line":4,"column":22},"end":{"line":29,"column":1}},"line":4},"1":{"name":"(anonymous_1)","decl":{"start":{"line":5,"column":34},"end":{"line":5,"column":35}},"loc":{"start":{"line":5,"column":40},"end":{"line":7,"column":3}},"line":5},"2":{"name":"(anonymous_2)","decl":{"start":{"line":9,"column":30},"end":{"line":9,"column":31}},"loc":{"start":{"line":9,"column":36},"end":{"line":11,"column":3}},"line":9},"3":{"name":"(anonymous_3)","decl":{"start":{"line":13,"column":46},"end":{"line":13,"column":47}},"loc":{"start":{"line":13,"column":52},"end":{"line":15,"column":3}},"line":13},"4":{"name":"(anonymous_4)","decl":{"start":{"line":17,"column":64},"end":{"line":17,"column":65}},"loc":{"start":{"line":17,"column":70},"end":{"line":20,"column":3}},"line":17},"5":{"name":"(anonymous_5)","decl":{"start":{"line":22,"column":52},"end":{"line":22,"column":53}},"loc":{"start":{"line":22,"column":58},"end":{"line":24,"column":3}},"line":22},"6":{"name":"(anonymous_6)","decl":{"start":{"line":26,"column":39},"end":{"line":26,"column":40}},"loc":{"start":{"line":26,"column":45},"end":{"line":28,"column":3}},"line":26}},"branchMap":{},"s":{"0":1,"1":1,"2":1,"3":1,"4":1,"5":1,"6":1,"7":1,"8":1,"9":1,"10":1,"11":1,"12":1,"13":1},"f":{"0":1,"1":1,"2":1,"3":1,"4":1,"5":1,"6":1},"b":{},"_coverageSchema":"1a1c01bbd47fc00a2c39e90264f33305004495a9","hash":"2961baefab60afec6f4c27c97fb909d1e73d2c2e","contentHash":"5577337453f7b0a2765f9bb6a9223aac1d73a1aa3018fa4a2fc14d5a37c88c6f"},"C:\\Users\\mikko\\Kurssit\\Ohjelmistojen ylläpito ja testaus\\vikaharkka\\test\\at.test.js":{"path":"C:\\Users\\mikko\\Kurssit\\Ohjelmistojen ylläpito ja testaus\\vikaharkka\\test\\at.test.js","statementMap":{"0":{"start":{"line":4,"column":0},"end":{"line":42,"column":3}},"1":{"start":{"line":5,"column":17},"end":{"line":11,"column":3}},"2":{"start":{"line":13,"column":2},"end":{"line":16,"column":5}},"3":{"start":{"line":14,"column":19},"end":{"line":14,"column":51}},"4":{"start":{"line":15,"column":4},"end":{"line":15,"column":41}},"5":{"start":{"line":18,"column":2},"end":{"line":21,"column":5}},"6":{"start":{"line":19,"column":19},"end":{"line":19,"column":49}},"7":{"start":{"line":20,"column":4},"end":{"line":20,"column":41}},"8":{"start":{"line":23,"column":2},"end":{"line":26,"column":5}},"9":{"start":{"line":24,"column":19},"end":{"line":24,"column":55}},"10":{"start":{"line":25,"column":4},"end":{"line":25,"column":57}},"11":{"start":{"line":28,"column":2},"end":{"line":31,"column":5}},"12":{"start":{"line":29,"column":19},"end":{"line":29,"column":36}},"13":{"start":{"line":30,"column":4},"end":{"line":30,"column":39}},"14":{"start":{"line":33,"column":2},"end":{"line":36,"column":5}},"15":{"start":{"line":34,"column":19},"end":{"line":34,"column":49}},"16":{"start":{"line":35,"column":4},"end":{"line":35,"column":50}},"17":{"start":{"line":38,"column":2},"end":{"line":41,"column":5}},"18":{"start":{"line":39,"column":19},"end":{"line":39,"column":29}},"19":{"start":{"line":40,"column":4},"end":{"line":40,"column":37}}},"fnMap":{"0":{"name":"(anonymous_0)","decl":{"start":{"line":4,"column":15},"end":{"line":4,"column":16}},"loc":{"start":{"line":4,"column":21},"end":{"line":42,"column":1}},"line":4},"1":{"name":"(anonymous_1)","decl":{"start":{"line":13,"column":48},"end":{"line":13,"column":49}},"loc":{"start":{"line":13,"column":54},"end":{"line":16,"column":3}},"line":13},"2":{"name":"(anonymous_2)","decl":{"start":{"line":18,"column":68},"end":{"line":18,"column":69}},"loc":{"start":{"line":18,"column":74},"end":{"line":21,"column":3}},"line":18},"3":{"name":"(anonymous_3)","decl":{"start":{"line":23,"column":44},"end":{"line":23,"column":45}},"loc":{"start":{"line":23,"column":50},"end":{"line":26,"column":3}},"line":23},"4":{"name":"(anonymous_4)","decl":{"start":{"line":28,"column":36},"end":{"line":28,"column":37}},"loc":{"start":{"line":28,"column":42},"end":{"line":31,"column":3}},"line":28},"5":{"name":"(anonymous_5)","decl":{"start":{"line":33,"column":49},"end":{"line":33,"column":50}},"loc":{"start":{"line":33,"column":55},"end":{"line":36,"column":3}},"line":33},"6":{"name":"(anonymous_6)","decl":{"start":{"line":38,"column":58},"end":{"line":38,"column":59}},"loc":{"start":{"line":38,"column":64},"end":{"line":41,"column":3}},"line":38}},"branchMap":{},"s":{"0":1,"1":1,"2":1,"3":1,"4":1,"5":1,"6":1,"7":1,"8":1,"9":1,"10":1,"11":1,"12":1,"13":1,"14":1,"15":1,"16":1,"17":1,"18":1,"19":1},"f":{"0":1,"1":1,"2":1,"3":1,"4":1,"5":1,"6":1},"b":{},"_coverageSchema":"1a1c01bbd47fc00a2c39e90264f33305004495a9","hash":"5362b77cf164e93d777e875c131f10122b1077f0","contentHash":"1308ff92f02935b46bb81349b602133ce088aec3c221c9ce6c12e082bb33a8cf"},"C:\\Users\\mikko\\Kurssit\\Ohjelmistojen ylläpito ja testaus\\vikaharkka\\test\\camelCase.test.js":{"path":"C:\\Users\\mikko\\Kurssit\\Ohjelmistojen ylläpito ja testaus\\vikaharkka\\test\\camelCase.test.js","statementMap":{"0":{"start":{"line":4,"column":0},"end":{"line":39,"column":3}},"1":{"start":{"line":5,"column":2},"end":{"line":7,"column":5}},"2":{"start":{"line":6,"column":4},"end":{"line":6,"column":53}},"3":{"start":{"line":9,"column":2},"end":{"line":11,"column":5}},"4":{"start":{"line":10,"column":4},"end":{"line":10,"column":57}},"5":{"start":{"line":13,"column":2},"end":{"line":15,"column":5}},"6":{"start":{"line":14,"column":4},"end":{"line":14,"column":57}},"7":{"start":{"line":17,"column":2},"end":{"line":20,"column":5}},"8":{"start":{"line":18,"column":4},"end":{"line":18,"column":61}},"9":{"start":{"line":19,"column":4},"end":{"line":19,"column":60}},"10":{"start":{"line":22,"column":2},"end":{"line":24,"column":5}},"11":{"start":{"line":23,"column":4},"end":{"line":23,"column":50}},"12":{"start":{"line":26,"column":2},"end":{"line":28,"column":5}},"13":{"start":{"line":27,"column":4},"end":{"line":27,"column":40}},"14":{"start":{"line":30,"column":2},"end":{"line":34,"column":5}},"15":{"start":{"line":31,"column":4},"end":{"line":31,"column":48}},"16":{"start":{"line":32,"column":4},"end":{"line":32,"column":46}},"17":{"start":{"line":33,"column":4},"end":{"line":33,"column":56}},"18":{"start":{"line":36,"column":2},"end":{"line":38,"column":5}},"19":{"start":{"line":37,"column":4},"end":{"line":37,"column":65}}},"fnMap":{"0":{"name":"(anonymous_0)","decl":{"start":{"line":4,"column":22},"end":{"line":4,"column":23}},"loc":{"start":{"line":4,"column":28},"end":{"line":39,"column":1}},"line":4},"1":{"name":"(anonymous_1)","decl":{"start":{"line":5,"column":46},"end":{"line":5,"column":47}},"loc":{"start":{"line":5,"column":52},"end":{"line":7,"column":3}},"line":5},"2":{"name":"(anonymous_2)","decl":{"start":{"line":9,"column":36},"end":{"line":9,"column":37}},"loc":{"start":{"line":9,"column":42},"end":{"line":11,"column":3}},"line":9},"3":{"name":"(anonymous_3)","decl":{"start":{"line":13,"column":41},"end":{"line":13,"column":42}},"loc":{"start":{"line":13,"column":47},"end":{"line":15,"column":3}},"line":13},"4":{"name":"(anonymous_4)","decl":{"start":{"line":17,"column":28},"end":{"line":17,"column":29}},"loc":{"start":{"line":17,"column":34},"end":{"line":20,"column":3}},"line":17},"5":{"name":"(anonymous_5)","decl":{"start":{"line":22,"column":30},"end":{"line":22,"column":31}},"loc":{"start":{"line":22,"column":36},"end":{"line":24,"column":3}},"line":22},"6":{"name":"(anonymous_6)","decl":{"start":{"line":26,"column":28},"end":{"line":26,"column":29}},"loc":{"start":{"line":26,"column":34},"end":{"line":28,"column":3}},"line":26},"7":{"name":"(anonymous_7)","decl":{"start":{"line":30,"column":57},"end":{"line":30,"column":58}},"loc":{"start":{"line":30,"column":63},"end":{"line":34,"column":3}},"line":30},"8":{"name":"(anonymous_8)","decl":{"start":{"line":36,"column":46},"end":{"line":36,"column":47}},"loc":{"start":{"line":36,"column":52},"end":{"line":38,"column":3}},"line":36}},"branchMap":{},"s":{"0":1,"1":1,"2":1,"3":1,"4":1,"5":1,"6":1,"7":1,"8":1,"9":1,"10":1,"11":1,"12":1,"13":1,"14":1,"15":1,"16":1,"17":1,"18":1,"19":1},"f":{"0":1,"1":1,"2":1,"3":1,"4":1,"5":1,"6":1,"7":1,"8":1},"b":{},"_coverageSchema":"1a1c01bbd47fc00a2c39e90264f33305004495a9","hash":"3ff605b093076f44c14fff7c1205031725d9a537","contentHash":"34e88588b3ac9fe536cda96c5a8b5034edd6cbfed47fc9a8c157789fac11fe29"},"C:\\Users\\mikko\\Kurssit\\Ohjelmistojen ylläpito ja testaus\\vikaharkka\\test\\capitalize.test.js":{"path":"C:\\Users\\mikko\\Kurssit\\Ohjelmistojen ylläpito ja testaus\\vikaharkka\\test\\capitalize.test.js","statementMap":{"0":{"start":{"line":4,"column":0},"end":{"line":35,"column":3}},"1":{"start":{"line":5,"column":2},"end":{"line":7,"column":5}},"2":{"start":{"line":6,"column":4},"end":{"line":6,"column":48}},"3":{"start":{"line":9,"column":2},"end":{"line":11,"column":5}},"4":{"start":{"line":10,"column":4},"end":{"line":10,"column":48}},"5":{"start":{"line":13,"column":2},"end":{"line":15,"column":5}},"6":{"start":{"line":14,"column":4},"end":{"line":14,"column":50}},"7":{"start":{"line":17,"column":2},"end":{"line":19,"column":5}},"8":{"start":{"line":18,"column":4},"end":{"line":18,"column":40}},"9":{"start":{"line":21,"column":2},"end":{"line":25,"column":5}},"10":{"start":{"line":22,"column":4},"end":{"line":22,"column":44}},"11":{"start":{"line":23,"column":4},"end":{"line":23,"column":46}},"12":{"start":{"line":24,"column":4},"end":{"line":24,"column":56}},"13":{"start":{"line":27,"column":2},"end":{"line":30,"column":5}},"14":{"start":{"line":28,"column":4},"end":{"line":28,"column":52}},"15":{"start":{"line":29,"column":4},"end":{"line":29,"column":52}},"16":{"start":{"line":32,"column":2},"end":{"line":34,"column":5}},"17":{"start":{"line":33,"column":4},"end":{"line":33,"column":62}}},"fnMap":{"0":{"name":"(anonymous_0)","decl":{"start":{"line":4,"column":23},"end":{"line":4,"column":24}},"loc":{"start":{"line":4,"column":29},"end":{"line":35,"column":1}},"line":4},"1":{"name":"(anonymous_1)","decl":{"start":{"line":5,"column":42},"end":{"line":5,"column":43}},"loc":{"start":{"line":5,"column":48},"end":{"line":7,"column":3}},"line":5},"2":{"name":"(anonymous_2)","decl":{"start":{"line":9,"column":38},"end":{"line":9,"column":39}},"loc":{"start":{"line":9,"column":44},"end":{"line":11,"column":3}},"line":9},"3":{"name":"(anonymous_3)","decl":{"start":{"line":13,"column":37},"end":{"line":13,"column":38}},"loc":{"start":{"line":13,"column":43},"end":{"line":15,"column":3}},"line":13},"4":{"name":"(anonymous_4)","decl":{"start":{"line":17,"column":30},"end":{"line":17,"column":31}},"loc":{"start":{"line":17,"column":36},"end":{"line":19,"column":3}},"line":17},"5":{"name":"(anonymous_5)","decl":{"start":{"line":21,"column":57},"end":{"line":21,"column":58}},"loc":{"start":{"line":21,"column":63},"end":{"line":25,"column":3}},"line":21},"6":{"name":"(anonymous_6)","decl":{"start":{"line":27,"column":60},"end":{"line":27,"column":61}},"loc":{"start":{"line":27,"column":66},"end":{"line":30,"column":3}},"line":27},"7":{"name":"(anonymous_7)","decl":{"start":{"line":32,"column":69},"end":{"line":32,"column":70}},"loc":{"start":{"line":32,"column":75},"end":{"line":34,"column":3}},"line":32}},"branchMap":{},"s":{"0":1,"1":1,"2":1,"3":1,"4":1,"5":1,"6":1,"7":1,"8":1,"9":1,"10":1,"11":1,"12":1,"13":1,"14":1,"15":1,"16":1,"17":1},"f":{"0":1,"1":1,"2":1,"3":1,"4":1,"5":1,"6":1,"7":1},"b":{},"_coverageSchema":"1a1c01bbd47fc00a2c39e90264f33305004495a9","hash":"8086eff7e9c4fe8f043a21527523964b82b45cf3","contentHash":"5356b865a916322f0c90ff7cce2a9ef328ca2c2fab42d01886a1624ea9d5b2b5"},"C:\\Users\\mikko\\Kurssit\\Ohjelmistojen ylläpito ja testaus\\vikaharkka\\test\\castArray.test.js":{"path":"C:\\Users\\mikko\\Kurssit\\Ohjelmistojen ylläpito ja testaus\\vikaharkka\\test\\castArray.test.js","statementMap":{"0":{"start":{"line":4,"column":0},"end":{"line":29,"column":3}},"1":{"start":{"line":5,"column":2},"end":{"line":9,"column":5}},"2":{"start":{"line":6,"column":4},"end":{"line":6,"column":44}},"3":{"start":{"line":7,"column":4},"end":{"line":7,"column":52}},"4":{"start":{"line":8,"column":4},"end":{"line":8,"column":58}},"5":{"start":{"line":11,"column":2},"end":{"line":14,"column":5}},"6":{"start":{"line":12,"column":16},"end":{"line":12,"column":25}},"7":{"start":{"line":13,"column":4},"end":{"line":13,"column":41}},"8":{"start":{"line":16,"column":2},"end":{"line":19,"column":5}},"9":{"start":{"line":17,"column":4},"end":{"line":17,"column":50}},"10":{"start":{"line":18,"column":4},"end":{"line":18,"column":60}},"11":{"start":{"line":21,"column":2},"end":{"line":23,"column":5}},"12":{"start":{"line":22,"column":4},"end":{"line":22,"column":51}},"13":{"start":{"line":25,"column":2},"end":{"line":28,"column":5}},"14":{"start":{"line":27,"column":4},"end":{"line":27,"column":50}}},"fnMap":{"0":{"name":"(anonymous_0)","decl":{"start":{"line":4,"column":22},"end":{"line":4,"column":23}},"loc":{"start":{"line":4,"column":28},"end":{"line":29,"column":1}},"line":4},"1":{"name":"(anonymous_1)","decl":{"start":{"line":5,"column":43},"end":{"line":5,"column":44}},"loc":{"start":{"line":5,"column":49},"end":{"line":9,"column":3}},"line":5},"2":{"name":"(anonymous_2)","decl":{"start":{"line":11,"column":66},"end":{"line":11,"column":67}},"loc":{"start":{"line":11,"column":72},"end":{"line":14,"column":3}},"line":11},"3":{"name":"(anonymous_3)","decl":{"start":{"line":16,"column":45},"end":{"line":16,"column":46}},"loc":{"start":{"line":16,"column":51},"end":{"line":19,"column":3}},"line":16},"4":{"name":"(anonymous_4)","decl":{"start":{"line":21,"column":61},"end":{"line":21,"column":62}},"loc":{"start":{"line":21,"column":67},"end":{"line":23,"column":3}},"line":21},"5":{"name":"(anonymous_5)","decl":{"start":{"line":25,"column":73},"end":{"line":25,"column":74}},"loc":{"start":{"line":25,"column":79},"end":{"line":28,"column":3}},"line":25}},"branchMap":{},"s":{"0":1,"1":1,"2":1,"3":1,"4":1,"5":1,"6":1,"7":1,"8":1,"9":1,"10":1,"11":1,"12":1,"13":1,"14":1},"f":{"0":1,"1":1,"2":1,"3":1,"4":1,"5":1},"b":{},"_coverageSchema":"1a1c01bbd47fc00a2c39e90264f33305004495a9","hash":"b43cbbca85acefd3d6be50ffa2bdea93a42acca6","contentHash":"4e6650b5877d008bb6b9d2cedbd8ba501f7d8d9b4fd9742504f8afda12c038f2"},"C:\\Users\\mikko\\Kurssit\\Ohjelmistojen ylläpito ja testaus\\vikaharkka\\test\\ceil.test.js":{"path":"C:\\Users\\mikko\\Kurssit\\Ohjelmistojen ylläpito ja testaus\\vikaharkka\\test\\ceil.test.js","statementMap":{"0":{"start":{"line":4,"column":0},"end":{"line":41,"column":3}},"1":{"start":{"line":5,"column":2},"end":{"line":9,"column":5}},"2":{"start":{"line":6,"column":4},"end":{"line":6,"column":36}},"3":{"start":{"line":7,"column":4},"end":{"line":7,"column":34}},"4":{"start":{"line":8,"column":4},"end":{"line":8,"column":36}},"5":{"start":{"line":11,"column":2},"end":{"line":14,"column":5}},"6":{"start":{"line":12,"column":4},"end":{"line":12,"column":42}},"7":{"start":{"line":13,"column":4},"end":{"line":13,"column":44}},"8":{"start":{"line":16,"column":2},"end":{"line":19,"column":5}},"9":{"start":{"line":17,"column":4},"end":{"line":17,"column":42}},"10":{"start":{"line":18,"column":4},"end":{"line":18,"column":40}},"11":{"start":{"line":21,"column":2},"end":{"line":25,"column":5}},"12":{"start":{"line":22,"column":4},"end":{"line":22,"column":36}},"13":{"start":{"line":23,"column":4},"end":{"line":23,"column":39}},"14":{"start":{"line":24,"column":4},"end":{"line":24,"column":36}},"15":{"start":{"line":27,"column":2},"end":{"line":30,"column":5}},"16":{"start":{"line":28,"column":4},"end":{"line":28,"column":32}},"17":{"start":{"line":29,"column":4},"end":{"line":29,"column":35}},"18":{"start":{"line":32,"column":2},"end":{"line":36,"column":5}},"19":{"start":{"line":33,"column":4},"end":{"line":33,"column":36}},"20":{"start":{"line":34,"column":4},"end":{"line":34,"column":35}},"21":{"start":{"line":35,"column":4},"end":{"line":35,"column":38}},"22":{"start":{"line":38,"column":2},"end":{"line":40,"column":5}},"23":{"start":{"line":39,"column":4},"end":{"line":39,"column":32}}},"fnMap":{"0":{"name":"(anonymous_0)","decl":{"start":{"line":4,"column":17},"end":{"line":4,"column":18}},"loc":{"start":{"line":4,"column":23},"end":{"line":41,"column":1}},"line":4},"1":{"name":"(anonymous_1)","decl":{"start":{"line":5,"column":52},"end":{"line":5,"column":53}},"loc":{"start":{"line":5,"column":58},"end":{"line":9,"column":3}},"line":5},"2":{"name":"(anonymous_2)","decl":{"start":{"line":11,"column":42},"end":{"line":11,"column":43}},"loc":{"start":{"line":11,"column":48},"end":{"line":14,"column":3}},"line":11},"3":{"name":"(anonymous_3)","decl":{"start":{"line":16,"column":42},"end":{"line":16,"column":43}},"loc":{"start":{"line":16,"column":48},"end":{"line":19,"column":3}},"line":16},"4":{"name":"(anonymous_4)","decl":{"start":{"line":21,"column":43},"end":{"line":21,"column":44}},"loc":{"start":{"line":21,"column":49},"end":{"line":25,"column":3}},"line":21},"5":{"name":"(anonymous_5)","decl":{"start":{"line":27,"column":21},"end":{"line":27,"column":22}},"loc":{"start":{"line":27,"column":27},"end":{"line":30,"column":3}},"line":27},"6":{"name":"(anonymous_6)","decl":{"start":{"line":32,"column":53},"end":{"line":32,"column":54}},"loc":{"start":{"line":32,"column":59},"end":{"line":36,"column":3}},"line":32},"7":{"name":"(anonymous_7)","decl":{"start":{"line":38,"column":34},"end":{"line":38,"column":35}},"loc":{"start":{"line":38,"column":40},"end":{"line":40,"column":3}},"line":38}},"branchMap":{},"s":{"0":1,"1":1,"2":1,"3":1,"4":1,"5":1,"6":1,"7":1,"8":1,"9":1,"10":1,"11":1,"12":1,"13":1,"14":1,"15":1,"16":1,"17":1,"18":1,"19":1,"20":1,"21":1,"22":1,"23":1},"f":{"0":1,"1":1,"2":1,"3":1,"4":1,"5":1,"6":1,"7":1},"b":{},"_coverageSchema":"1a1c01bbd47fc00a2c39e90264f33305004495a9","hash":"843c19a2d9c76c540dd4053ade79afabb2634129","contentHash":"2bb0c5f9e145e17b0b862921c86ea4bf5a55f6451e09c74830da9a783f25540c"},"C:\\Users\\mikko\\Kurssit\\Ohjelmistojen ylläpito ja testaus\\vikaharkka\\test\\chunk.test.js":{"path":"C:\\Users\\mikko\\Kurssit\\Ohjelmistojen ylläpito ja testaus\\vikaharkka\\test\\chunk.test.js","statementMap":{"0":{"start":{"line":4,"column":0},"end":{"line":59,"column":3}},"1":{"start":{"line":6,"column":2},"end":{"line":12,"column":5}},"2":{"start":{"line":8,"column":4},"end":{"line":11,"column":7}},"3":{"start":{"line":14,"column":2},"end":{"line":20,"column":5}},"4":{"start":{"line":16,"column":4},"end":{"line":19,"column":7}},"5":{"start":{"line":22,"column":2},"end":{"line":29,"column":5}},"6":{"start":{"line":24,"column":4},"end":{"line":28,"column":7}},"7":{"start":{"line":31,"column":2},"end":{"line":34,"column":5}},"8":{"start":{"line":32,"column":4},"end":{"line":32,"column":51}},"9":{"start":{"line":33,"column":4},"end":{"line":33,"column":52}},"10":{"start":{"line":36,"column":2},"end":{"line":42,"column":5}},"11":{"start":{"line":38,"column":19},"end":{"line":38,"column":40}},"12":{"start":{"line":39,"column":4},"end":{"line":39,"column":39}},"13":{"start":{"line":40,"column":4},"end":{"line":40,"column":39}},"14":{"start":{"line":41,"column":4},"end":{"line":41,"column":52}},"15":{"start":{"line":44,"column":2},"end":{"line":50,"column":5}},"16":{"start":{"line":46,"column":4},"end":{"line":49,"column":7}},"17":{"start":{"line":52,"column":2},"end":{"line":58,"column":5}},"18":{"start":{"line":54,"column":4},"end":{"line":57,"column":7}}},"fnMap":{"0":{"name":"(anonymous_0)","decl":{"start":{"line":4,"column":36},"end":{"line":4,"column":37}},"loc":{"start":{"line":4,"column":42},"end":{"line":59,"column":1}},"line":4},"1":{"name":"(anonymous_1)","decl":{"start":{"line":6,"column":72},"end":{"line":6,"column":73}},"loc":{"start":{"line":6,"column":78},"end":{"line":12,"column":3}},"line":6},"2":{"name":"(anonymous_2)","decl":{"start":{"line":14,"column":68},"end":{"line":14,"column":69}},"loc":{"start":{"line":14,"column":74},"end":{"line":20,"column":3}},"line":14},"3":{"name":"(anonymous_3)","decl":{"start":{"line":22,"column":51},"end":{"line":22,"column":52}},"loc":{"start":{"line":22,"column":57},"end":{"line":29,"column":3}},"line":22},"4":{"name":"(anonymous_4)","decl":{"start":{"line":31,"column":42},"end":{"line":31,"column":43}},"loc":{"start":{"line":31,"column":48},"end":{"line":34,"column":3}},"line":31},"5":{"name":"(anonymous_5)","decl":{"start":{"line":36,"column":64},"end":{"line":36,"column":65}},"loc":{"start":{"line":36,"column":70},"end":{"line":42,"column":3}},"line":36},"6":{"name":"(anonymous_6)","decl":{"start":{"line":44,"column":51},"end":{"line":44,"column":52}},"loc":{"start":{"line":44,"column":57},"end":{"line":50,"column":3}},"line":44},"7":{"name":"(anonymous_7)","decl":{"start":{"line":52,"column":51},"end":{"line":52,"column":52}},"loc":{"start":{"line":52,"column":57},"end":{"line":58,"column":3}},"line":52}},"branchMap":{},"s":{"0":1,"1":1,"2":1,"3":1,"4":1,"5":1,"6":1,"7":1,"8":1,"9":1,"10":1,"11":1,"12":1,"13":1,"14":1,"15":1,"16":1,"17":1,"18":1},"f":{"0":1,"1":1,"2":1,"3":1,"4":1,"5":1,"6":1,"7":1},"b":{},"_coverageSchema":"1a1c01bbd47fc00a2c39e90264f33305004495a9","hash":"a9ec4f609c63d9ce1c3abbe9f76c53fcf1e5e504","contentHash":"d15dc7e794a00d94c4e5393c0b2aa2188c8c0a0744d1fc672a61e02e4e5aacfa"},"C:\\Users\\mikko\\Kurssit\\Ohjelmistojen ylläpito ja testaus\\vikaharkka\\test\\clamp.test.js":{"path":"C:\\Users\\mikko\\Kurssit\\Ohjelmistojen ylläpito ja testaus\\vikaharkka\\test\\clamp.test.js","statementMap":{"0":{"start":{"line":4,"column":0},"end":{"line":41,"column":3}},"1":{"start":{"line":5,"column":2},"end":{"line":8,"column":5}},"2":{"start":{"line":7,"column":4},"end":{"line":7,"column":43}},"3":{"start":{"line":10,"column":2},"end":{"line":13,"column":5}},"4":{"start":{"line":12,"column":4},"end":{"line":12,"column":42}},"5":{"start":{"line":15,"column":2},"end":{"line":18,"column":5}},"6":{"start":{"line":17,"column":4},"end":{"line":17,"column":41}},"7":{"start":{"line":20,"column":2},"end":{"line":23,"column":5}},"8":{"start":{"line":22,"column":4},"end":{"line":22,"column":40}},"9":{"start":{"line":25,"column":2},"end":{"line":28,"column":5}},"10":{"start":{"line":26,"column":4},"end":{"line":26,"column":46}},"11":{"start":{"line":27,"column":4},"end":{"line":27,"column":47}},"12":{"start":{"line":30,"column":2},"end":{"line":34,"column":5}},"13":{"start":{"line":33,"column":4},"end":{"line":33,"column":39}},"14":{"start":{"line":36,"column":2},"end":{"line":40,"column":5}},"15":{"start":{"line":39,"column":4},"end":{"line":39,"column":51}}},"fnMap":{"0":{"name":"(anonymous_0)","decl":{"start":{"line":4,"column":36},"end":{"line":4,"column":37}},"loc":{"start":{"line":4,"column":42},"end":{"line":41,"column":1}},"line":4},"1":{"name":"(anonymous_1)","decl":{"start":{"line":5,"column":60},"end":{"line":5,"column":61}},"loc":{"start":{"line":5,"column":66},"end":{"line":8,"column":3}},"line":5},"2":{"name":"(anonymous_2)","decl":{"start":{"line":10,"column":60},"end":{"line":10,"column":61}},"loc":{"start":{"line":10,"column":66},"end":{"line":13,"column":3}},"line":10},"3":{"name":"(anonymous_3)","decl":{"start":{"line":15,"column":79},"end":{"line":15,"column":80}},"loc":{"start":{"line":15,"column":85},"end":{"line":18,"column":3}},"line":15},"4":{"name":"(anonymous_4)","decl":{"start":{"line":20,"column":47},"end":{"line":20,"column":48}},"loc":{"start":{"line":20,"column":53},"end":{"line":23,"column":3}},"line":20},"5":{"name":"(anonymous_5)","decl":{"start":{"line":25,"column":52},"end":{"line":25,"column":53}},"loc":{"start":{"line":25,"column":58},"end":{"line":28,"column":3}},"line":25},"6":{"name":"(anonymous_6)","decl":{"start":{"line":30,"column":55},"end":{"line":30,"column":56}},"loc":{"start":{"line":30,"column":61},"end":{"line":34,"column":3}},"line":30},"7":{"name":"(anonymous_7)","decl":{"start":{"line":36,"column":60},"end":{"line":36,"column":61}},"loc":{"start":{"line":36,"column":66},"end":{"line":40,"column":3}},"line":36}},"branchMap":{},"s":{"0":1,"1":1,"2":1,"3":1,"4":1,"5":1,"6":1,"7":1,"8":1,"9":1,"10":1,"11":1,"12":1,"13":1,"14":1,"15":1},"f":{"0":1,"1":1,"2":1,"3":1,"4":1,"5":1,"6":1,"7":1},"b":{},"_coverageSchema":"1a1c01bbd47fc00a2c39e90264f33305004495a9","hash":"52855cfd644b15849757a4e30755d7822ebfeb4a","contentHash":"ed9eb72ad744bd5ba6d7b21df806bfc9ba9d67a8d000940b87d7f8e0effaed17"},"C:\\Users\\mikko\\Kurssit\\Ohjelmistojen ylläpito ja testaus\\vikaharkka\\test\\compact.test.js":{"path":"C:\\Users\\mikko\\Kurssit\\Ohjelmistojen ylläpito ja testaus\\vikaharkka\\test\\compact.test.js","statementMap":{"0":{"start":{"line":4,"column":0},"end":{"line":44,"column":3}},"1":{"start":{"line":6,"column":2},"end":{"line":13,"column":5}},"2":{"start":{"line":7,"column":19},"end":{"line":7,"column":51}},"3":{"start":{"line":9,"column":4},"end":{"line":9,"column":37}},"4":{"start":{"line":10,"column":4},"end":{"line":10,"column":34}},"5":{"start":{"line":11,"column":4},"end":{"line":11,"column":34}},"6":{"start":{"line":12,"column":4},"end":{"line":12,"column":38}},"7":{"start":{"line":15,"column":2},"end":{"line":25,"column":5}},"8":{"start":{"line":16,"column":19},"end":{"line":16,"column":59}},"9":{"start":{"line":18,"column":4},"end":{"line":18,"column":39}},"10":{"start":{"line":19,"column":4},"end":{"line":19,"column":34}},"11":{"start":{"line":20,"column":4},"end":{"line":20,"column":40}},"12":{"start":{"line":21,"column":4},"end":{"line":21,"column":40}},"13":{"start":{"line":22,"column":4},"end":{"line":22,"column":37}},"14":{"start":{"line":23,"column":4},"end":{"line":23,"column":40}},"15":{"start":{"line":24,"column":4},"end":{"line":24,"column":38}},"16":{"start":{"line":27,"column":2},"end":{"line":35,"column":5}},"17":{"start":{"line":28,"column":19},"end":{"line":28,"column":54}},"18":{"start":{"line":30,"column":4},"end":{"line":30,"column":37}},"19":{"start":{"line":31,"column":4},"end":{"line":31,"column":34}},"20":{"start":{"line":32,"column":4},"end":{"line":32,"column":34}},"21":{"start":{"line":33,"column":4},"end":{"line":33,"column":34}},"22":{"start":{"line":34,"column":4},"end":{"line":34,"column":38}},"23":{"start":{"line":37,"column":2},"end":{"line":43,"column":5}},"24":{"start":{"line":38,"column":19},"end":{"line":38,"column":44}},"25":{"start":{"line":40,"column":4},"end":{"line":40,"column":37}},"26":{"start":{"line":41,"column":4},"end":{"line":41,"column":34}},"27":{"start":{"line":42,"column":4},"end":{"line":42,"column":38}}},"fnMap":{"0":{"name":"(anonymous_0)","decl":{"start":{"line":4,"column":38},"end":{"line":4,"column":39}},"loc":{"start":{"line":4,"column":44},"end":{"line":44,"column":1}},"line":4},"1":{"name":"(anonymous_1)","decl":{"start":{"line":6,"column":62},"end":{"line":6,"column":63}},"loc":{"start":{"line":6,"column":68},"end":{"line":13,"column":3}},"line":6},"2":{"name":"(anonymous_2)","decl":{"start":{"line":15,"column":69},"end":{"line":15,"column":70}},"loc":{"start":{"line":15,"column":75},"end":{"line":25,"column":3}},"line":15},"3":{"name":"(anonymous_3)","decl":{"start":{"line":27,"column":69},"end":{"line":27,"column":70}},"loc":{"start":{"line":27,"column":75},"end":{"line":35,"column":3}},"line":27},"4":{"name":"(anonymous_4)","decl":{"start":{"line":37,"column":61},"end":{"line":37,"column":62}},"loc":{"start":{"line":37,"column":67},"end":{"line":43,"column":3}},"line":37}},"branchMap":{},"s":{"0":1,"1":1,"2":1,"3":1,"4":1,"5":1,"6":1,"7":1,"8":1,"9":1,"10":1,"11":1,"12":1,"13":1,"14":1,"15":1,"16":1,"17":1,"18":1,"19":1,"20":1,"21":1,"22":1,"23":1,"24":1,"25":1,"26":1,"27":1},"f":{"0":1,"1":1,"2":1,"3":1,"4":1},"b":{},"_coverageSchema":"1a1c01bbd47fc00a2c39e90264f33305004495a9","hash":"152d006f46018f55e98786aef680a2f444bfe700","contentHash":"2fe26acf0b083e7fceaa88810c5aa145539d07442bdc2a245460251d16e13e19"},"C:\\Users\\mikko\\Kurssit\\Ohjelmistojen ylläpito ja testaus\\vikaharkka\\test\\countBy.test.js":{"path":"C:\\Users\\mikko\\Kurssit\\Ohjelmistojen ylläpito ja testaus\\vikaharkka\\test\\countBy.test.js","statementMap":{"0":{"start":{"line":4,"column":0},"end":{"line":68,"column":3}},"1":{"start":{"line":6,"column":2},"end":{"line":17,"column":5}},"2":{"start":{"line":7,"column":19},"end":{"line":7,"column":55}},"3":{"start":{"line":13,"column":4},"end":{"line":16,"column":7}},"4":{"start":{"line":19,"column":2},"end":{"line":36,"column":5}},"5":{"start":{"line":20,"column":18},"end":{"line":24,"column":5}},"6":{"start":{"line":26,"column":19},"end":{"line":26,"column":48}},"7":{"start":{"line":26,"column":39},"end":{"line":26,"column":47}},"8":{"start":{"line":32,"column":4},"end":{"line":35,"column":7}},"9":{"start":{"line":38,"column":2},"end":{"line":51,"column":5}},"10":{"start":{"line":39,"column":19},"end":{"line":39,"column":61}},"11":{"start":{"line":39,"column":59},"end":{"line":39,"column":60}},"12":{"start":{"line":46,"column":4},"end":{"line":50,"column":7}},"13":{"start":{"line":53,"column":2},"end":{"line":55,"column":5}},"14":{"start":{"line":54,"column":4},"end":{"line":54,"column":50}},"15":{"start":{"line":54,"column":28},"end":{"line":54,"column":29}},"16":{"start":{"line":57,"column":2},"end":{"line":67,"column":5}},"17":{"start":{"line":58,"column":19},"end":{"line":58,"column":56}},"18":{"start":{"line":58,"column":54},"end":{"line":58,"column":55}},"19":{"start":{"line":63,"column":4},"end":{"line":66,"column":7}}},"fnMap":{"0":{"name":"(anonymous_0)","decl":{"start":{"line":4,"column":38},"end":{"line":4,"column":39}},"loc":{"start":{"line":4,"column":44},"end":{"line":68,"column":1}},"line":4},"1":{"name":"(anonymous_1)","decl":{"start":{"line":6,"column":65},"end":{"line":6,"column":66}},"loc":{"start":{"line":6,"column":71},"end":{"line":17,"column":3}},"line":6},"2":{"name":"(anonymous_2)","decl":{"start":{"line":19,"column":49},"end":{"line":19,"column":50}},"loc":{"start":{"line":19,"column":55},"end":{"line":36,"column":3}},"line":19},"3":{"name":"(anonymous_3)","decl":{"start":{"line":26,"column":34},"end":{"line":26,"column":35}},"loc":{"start":{"line":26,"column":39},"end":{"line":26,"column":47}},"line":26},"4":{"name":"(anonymous_4)","decl":{"start":{"line":38,"column":49},"end":{"line":38,"column":50}},"loc":{"start":{"line":38,"column":55},"end":{"line":51,"column":3}},"line":38},"5":{"name":"(anonymous_5)","decl":{"start":{"line":39,"column":54},"end":{"line":39,"column":55}},"loc":{"start":{"line":39,"column":59},"end":{"line":39,"column":60}},"line":39},"6":{"name":"(anonymous_6)","decl":{"start":{"line":53,"column":34},"end":{"line":53,"column":35}},"loc":{"start":{"line":53,"column":40},"end":{"line":55,"column":3}},"line":53},"7":{"name":"(anonymous_7)","decl":{"start":{"line":54,"column":23},"end":{"line":54,"column":24}},"loc":{"start":{"line":54,"column":28},"end":{"line":54,"column":29}},"line":54},"8":{"name":"(anonymous_8)","decl":{"start":{"line":57,"column":57},"end":{"line":57,"column":58}},"loc":{"start":{"line":57,"column":63},"end":{"line":67,"column":3}},"line":57},"9":{"name":"(anonymous_9)","decl":{"start":{"line":58,"column":49},"end":{"line":58,"column":50}},"loc":{"start":{"line":58,"column":54},"end":{"line":58,"column":55}},"line":58}},"branchMap":{},"s":{"0":1,"1":1,"2":1,"3":1,"4":1,"5":1,"6":1,"7":3,"8":1,"9":1,"10":1,"11":5,"12":1,"13":1,"14":1,"15":0,"16":1,"17":1,"18":3,"19":1},"f":{"0":1,"1":1,"2":1,"3":3,"4":1,"5":5,"6":1,"7":0,"8":1,"9":3},"b":{},"_coverageSchema":"1a1c01bbd47fc00a2c39e90264f33305004495a9","hash":"a1896297a6833518d18c082fecdd1f2fe600fc55","contentHash":"95e89300ab6a6d93fecc5280211b587f10ae0b17c04126fdfaf36bcdadcac3c2"},"C:\\Users\\mikko\\Kurssit\\Ohjelmistojen ylläpito ja testaus\\vikaharkka\\test\\defaultTo.test.js":{"path":"C:\\Users\\mikko\\Kurssit\\Ohjelmistojen ylläpito ja testaus\\vikaharkka\\test\\defaultTo.test.js","statementMap":{"0":{"start":{"line":4,"column":0},"end":{"line":35,"column":3}},"1":{"start":{"line":6,"column":2},"end":{"line":11,"column":5}},"2":{"start":{"line":7,"column":4},"end":{"line":7,"column":41}},"3":{"start":{"line":8,"column":4},"end":{"line":8,"column":49}},"4":{"start":{"line":9,"column":4},"end":{"line":9,"column":41}},"5":{"start":{"line":10,"column":4},"end":{"line":10,"column":43}},"6":{"start":{"line":13,"column":2},"end":{"line":16,"column":5}},"7":{"start":{"line":14,"column":4},"end":{"line":14,"column":45}},"8":{"start":{"line":15,"column":4},"end":{"line":15,"column":50}},"9":{"start":{"line":18,"column":2},"end":{"line":20,"column":5}},"10":{"start":{"line":19,"column":4},"end":{"line":19,"column":41}},"11":{"start":{"line":22,"column":2},"end":{"line":28,"column":5}},"12":{"start":{"line":23,"column":16},"end":{"line":23,"column":24}},"13":{"start":{"line":24,"column":16},"end":{"line":24,"column":22}},"14":{"start":{"line":26,"column":4},"end":{"line":26,"column":45}},"15":{"start":{"line":27,"column":4},"end":{"line":27,"column":45}},"16":{"start":{"line":30,"column":2},"end":{"line":34,"column":5}},"17":{"start":{"line":31,"column":4},"end":{"line":31,"column":54}},"18":{"start":{"line":32,"column":4},"end":{"line":32,"column":66}},"19":{"start":{"line":33,"column":4},"end":{"line":33,"column":67}}},"fnMap":{"0":{"name":"(anonymous_0)","decl":{"start":{"line":4,"column":40},"end":{"line":4,"column":41}},"loc":{"start":{"line":4,"column":46},"end":{"line":35,"column":1}},"line":4},"1":{"name":"(anonymous_1)","decl":{"start":{"line":6,"column":59},"end":{"line":6,"column":60}},"loc":{"start":{"line":6,"column":65},"end":{"line":11,"column":3}},"line":6},"2":{"name":"(anonymous_2)","decl":{"start":{"line":13,"column":60},"end":{"line":13,"column":61}},"loc":{"start":{"line":13,"column":66},"end":{"line":16,"column":3}},"line":13},"3":{"name":"(anonymous_3)","decl":{"start":{"line":18,"column":66},"end":{"line":18,"column":67}},"loc":{"start":{"line":18,"column":72},"end":{"line":20,"column":3}},"line":18},"4":{"name":"(anonymous_4)","decl":{"start":{"line":22,"column":52},"end":{"line":22,"column":53}},"loc":{"start":{"line":22,"column":58},"end":{"line":28,"column":3}},"line":22},"5":{"name":"(anonymous_5)","decl":{"start":{"line":30,"column":43},"end":{"line":30,"column":44}},"loc":{"start":{"line":30,"column":49},"end":{"line":34,"column":3}},"line":30}},"branchMap":{},"s":{"0":1,"1":1,"2":1,"3":1,"4":1,"5":1,"6":1,"7":1,"8":1,"9":1,"10":1,"11":1,"12":1,"13":1,"14":1,"15":1,"16":1,"17":1,"18":1,"19":1},"f":{"0":1,"1":1,"2":1,"3":1,"4":1,"5":1},"b":{},"_coverageSchema":"1a1c01bbd47fc00a2c39e90264f33305004495a9","hash":"e335e7644c81fd8830961b499946ecae68e92107","contentHash":"4a4eda343e536afffb9b094548a2fac21f0a787e7bdacfa5d527bc64fb868008"},"C:\\Users\\mikko\\Kurssit\\Ohjelmistojen ylläpito ja testaus\\vikaharkka\\test\\defaultToAny.test.js":{"path":"C:\\Users\\mikko\\Kurssit\\Ohjelmistojen ylläpito ja testaus\\vikaharkka\\test\\defaultToAny.test.js","statementMap":{"0":{"start":{"line":4,"column":0},"end":{"line":41,"column":3}},"1":{"start":{"line":6,"column":2},"end":{"line":11,"column":5}},"2":{"start":{"line":7,"column":4},"end":{"line":7,"column":48}},"3":{"start":{"line":8,"column":4},"end":{"line":8,"column":56}},"4":{"start":{"line":9,"column":4},"end":{"line":9,"column":48}},"5":{"start":{"line":10,"column":4},"end":{"line":10,"column":50}},"6":{"start":{"line":13,"column":2},"end":{"line":16,"column":5}},"7":{"start":{"line":14,"column":4},"end":{"line":14,"column":57}},"8":{"start":{"line":15,"column":4},"end":{"line":15,"column":52}},"9":{"start":{"line":18,"column":2},"end":{"line":21,"column":5}},"10":{"start":{"line":19,"column":4},"end":{"line":19,"column":59}},"11":{"start":{"line":20,"column":4},"end":{"line":20,"column":61}},"12":{"start":{"line":23,"column":2},"end":{"line":31,"column":5}},"13":{"start":{"line":25,"column":4},"end":{"line":25,"column":48}},"14":{"start":{"line":30,"column":4},"end":{"line":30,"column":57}},"15":{"start":{"line":33,"column":2},"end":{"line":36,"column":5}},"16":{"start":{"line":34,"column":4},"end":{"line":34,"column":68}},"17":{"start":{"line":35,"column":4},"end":{"line":35,"column":60}},"18":{"start":{"line":38,"column":2},"end":{"line":40,"column":5}},"19":{"start":{"line":39,"column":4},"end":{"line":39,"column":73}}},"fnMap":{"0":{"name":"(anonymous_0)","decl":{"start":{"line":4,"column":43},"end":{"line":4,"column":44}},"loc":{"start":{"line":4,"column":49},"end":{"line":41,"column":1}},"line":4},"1":{"name":"(anonymous_1)","decl":{"start":{"line":6,"column":67},"end":{"line":6,"column":68}},"loc":{"start":{"line":6,"column":73},"end":{"line":11,"column":3}},"line":6},"2":{"name":"(anonymous_2)","decl":{"start":{"line":13,"column":66},"end":{"line":13,"column":67}},"loc":{"start":{"line":13,"column":72},"end":{"line":16,"column":3}},"line":13},"3":{"name":"(anonymous_3)","decl":{"start":{"line":18,"column":69},"end":{"line":18,"column":70}},"loc":{"start":{"line":18,"column":75},"end":{"line":21,"column":3}},"line":18},"4":{"name":"(anonymous_4)","decl":{"start":{"line":23,"column":56},"end":{"line":23,"column":57}},"loc":{"start":{"line":23,"column":62},"end":{"line":31,"column":3}},"line":23},"5":{"name":"(anonymous_5)","decl":{"start":{"line":33,"column":44},"end":{"line":33,"column":45}},"loc":{"start":{"line":33,"column":50},"end":{"line":36,"column":3}},"line":33},"6":{"name":"(anonymous_6)","decl":{"start":{"line":38,"column":77},"end":{"line":38,"column":78}},"loc":{"start":{"line":38,"column":83},"end":{"line":40,"column":3}},"line":38}},"branchMap":{},"s":{"0":1,"1":1,"2":1,"3":1,"4":1,"5":1,"6":1,"7":1,"8":1,"9":1,"10":1,"11":1,"12":1,"13":1,"14":1,"15":1,"16":1,"17":1,"18":1,"19":1},"f":{"0":1,"1":1,"2":1,"3":1,"4":1,"5":1,"6":1},"b":{},"_coverageSchema":"1a1c01bbd47fc00a2c39e90264f33305004495a9","hash":"5d59143ec5c65d77aec2239940327de759b216fe","contentHash":"c8ec9304fd373190808fc52e50663e741d74fbf82323f45c3012f4f6bf8eabda"},"C:\\Users\\mikko\\Kurssit\\Ohjelmistojen ylläpito ja testaus\\vikaharkka\\test\\difference.test.js":{"path":"C:\\Users\\mikko\\Kurssit\\Ohjelmistojen ylläpito ja testaus\\vikaharkka\\test\\difference.test.js","statementMap":{"0":{"start":{"line":4,"column":0},"end":{"line":48,"column":3}},"1":{"start":{"line":6,"column":2},"end":{"line":8,"column":5}},"2":{"start":{"line":7,"column":4},"end":{"line":7,"column":58}},"3":{"start":{"line":10,"column":2},"end":{"line":12,"column":5}},"4":{"start":{"line":11,"column":4},"end":{"line":11,"column":69}},"5":{"start":{"line":14,"column":2},"end":{"line":17,"column":5}},"6":{"start":{"line":16,"column":4},"end":{"line":16,"column":65}},"7":{"start":{"line":19,"column":2},"end":{"line":23,"column":5}},"8":{"start":{"line":20,"column":4},"end":{"line":20,"column":52}},"9":{"start":{"line":21,"column":4},"end":{"line":21,"column":57}},"10":{"start":{"line":22,"column":4},"end":{"line":22,"column":51}},"11":{"start":{"line":25,"column":2},"end":{"line":27,"column":5}},"12":{"start":{"line":26,"column":4},"end":{"line":26,"column":59}},"13":{"start":{"line":33,"column":2},"end":{"line":37,"column":5}},"14":{"start":{"line":35,"column":17},"end":{"line":35,"column":51}},"15":{"start":{"line":36,"column":2},"end":{"line":36,"column":45}},"16":{"start":{"line":40,"column":2},"end":{"line":47,"column":5}},"17":{"start":{"line":41,"column":16},"end":{"line":41,"column":24}},"18":{"start":{"line":42,"column":16},"end":{"line":42,"column":27}},"19":{"start":{"line":43,"column":19},"end":{"line":43,"column":39}},"20":{"start":{"line":45,"column":4},"end":{"line":45,"column":36}},"21":{"start":{"line":46,"column":4},"end":{"line":46,"column":43}}},"fnMap":{"0":{"name":"(anonymous_0)","decl":{"start":{"line":4,"column":43},"end":{"line":4,"column":44}},"loc":{"start":{"line":4,"column":49},"end":{"line":48,"column":1}},"line":4},"1":{"name":"(anonymous_1)","decl":{"start":{"line":6,"column":70},"end":{"line":6,"column":71}},"loc":{"start":{"line":6,"column":76},"end":{"line":8,"column":3}},"line":6},"2":{"name":"(anonymous_2)","decl":{"start":{"line":10,"column":42},"end":{"line":10,"column":43}},"loc":{"start":{"line":10,"column":48},"end":{"line":12,"column":3}},"line":10},"3":{"name":"(anonymous_3)","decl":{"start":{"line":14,"column":49},"end":{"line":14,"column":50}},"loc":{"start":{"line":14,"column":55},"end":{"line":17,"column":3}},"line":14},"4":{"name":"(anonymous_4)","decl":{"start":{"line":19,"column":73},"end":{"line":19,"column":74}},"loc":{"start":{"line":19,"column":79},"end":{"line":23,"column":3}},"line":19},"5":{"name":"(anonymous_5)","decl":{"start":{"line":25,"column":63},"end":{"line":25,"column":64}},"loc":{"start":{"line":25,"column":69},"end":{"line":27,"column":3}},"line":25},"6":{"name":"(anonymous_6)","decl":{"start":{"line":33,"column":60},"end":{"line":33,"column":61}},"loc":{"start":{"line":33,"column":66},"end":{"line":37,"column":3}},"line":33},"7":{"name":"(anonymous_7)","decl":{"start":{"line":40,"column":69},"end":{"line":40,"column":70}},"loc":{"start":{"line":40,"column":75},"end":{"line":47,"column":3}},"line":40}},"branchMap":{},"s":{"0":1,"1":1,"2":1,"3":1,"4":1,"5":1,"6":1,"7":1,"8":1,"9":1,"10":1,"11":1,"12":1,"13":1,"14":1,"15":1,"16":1,"17":1,"18":1,"19":1,"20":1,"21":1},"f":{"0":1,"1":1,"2":1,"3":1,"4":1,"5":1,"6":1,"7":1},"b":{},"_coverageSchema":"1a1c01bbd47fc00a2c39e90264f33305004495a9","hash":"5b962c88e9a42995792c5b1fd064d9b7b09dd241","contentHash":"cb2abcf5a488a17ad749415a80b8439666dc8c6240168fd7b49d1c31fbd2e374"},"C:\\Users\\mikko\\Kurssit\\Ohjelmistojen ylläpito ja testaus\\vikaharkka\\test\\divide.test.js":{"path":"C:\\Users\\mikko\\Kurssit\\Ohjelmistojen ylläpito ja testaus\\vikaharkka\\test\\divide.test.js","statementMap":{"0":{"start":{"line":4,"column":0},"end":{"line":38,"column":3}},"1":{"start":{"line":6,"column":2},"end":{"line":10,"column":5}},"2":{"start":{"line":7,"column":4},"end":{"line":7,"column":37}},"3":{"start":{"line":8,"column":4},"end":{"line":8,"column":38}},"4":{"start":{"line":9,"column":4},"end":{"line":9,"column":40}},"5":{"start":{"line":12,"column":2},"end":{"line":14,"column":5}},"6":{"start":{"line":13,"column":4},"end":{"line":13,"column":35}},"7":{"start":{"line":16,"column":2},"end":{"line":18,"column":5}},"8":{"start":{"line":17,"column":4},"end":{"line":17,"column":37}},"9":{"start":{"line":20,"column":2},"end":{"line":22,"column":5}},"10":{"start":{"line":21,"column":4},"end":{"line":21,"column":38}},"11":{"start":{"line":28,"column":2},"end":{"line":30,"column":5}},"12":{"start":{"line":29,"column":2},"end":{"line":29,"column":43}},"13":{"start":{"line":33,"column":2},"end":{"line":37,"column":5}},"14":{"start":{"line":34,"column":4},"end":{"line":34,"column":37}},"15":{"start":{"line":35,"column":4},"end":{"line":35,"column":40}},"16":{"start":{"line":36,"column":4},"end":{"line":36,"column":42}}},"fnMap":{"0":{"name":"(anonymous_0)","decl":{"start":{"line":4,"column":37},"end":{"line":4,"column":38}},"loc":{"start":{"line":4,"column":43},"end":{"line":38,"column":1}},"line":4},"1":{"name":"(anonymous_1)","decl":{"start":{"line":6,"column":59},"end":{"line":6,"column":60}},"loc":{"start":{"line":6,"column":65},"end":{"line":10,"column":3}},"line":6},"2":{"name":"(anonymous_2)","decl":{"start":{"line":12,"column":38},"end":{"line":12,"column":39}},"loc":{"start":{"line":12,"column":44},"end":{"line":14,"column":3}},"line":12},"3":{"name":"(anonymous_3)","decl":{"start":{"line":16,"column":40},"end":{"line":16,"column":41}},"loc":{"start":{"line":16,"column":46},"end":{"line":18,"column":3}},"line":16},"4":{"name":"(anonymous_4)","decl":{"start":{"line":20,"column":41},"end":{"line":20,"column":42}},"loc":{"start":{"line":20,"column":47},"end":{"line":22,"column":3}},"line":20},"5":{"name":"(anonymous_5)","decl":{"start":{"line":28,"column":73},"end":{"line":28,"column":74}},"loc":{"start":{"line":28,"column":79},"end":{"line":30,"column":3}},"line":28},"6":{"name":"(anonymous_6)","decl":{"start":{"line":33,"column":56},"end":{"line":33,"column":57}},"loc":{"start":{"line":33,"column":62},"end":{"line":37,"column":3}},"line":33}},"branchMap":{},"s":{"0":1,"1":1,"2":1,"3":1,"4":1,"5":1,"6":1,"7":1,"8":1,"9":1,"10":1,"11":1,"12":1,"13":1,"14":1,"15":1,"16":1},"f":{"0":1,"1":1,"2":1,"3":1,"4":1,"5":1,"6":1},"b":{},"_coverageSchema":"1a1c01bbd47fc00a2c39e90264f33305004495a9","hash":"a23152f59190743c7b412dd3d1c6c693a4eda37a","contentHash":"1417093046ebb529b96b3f4281bdedec133a6134febc21c064da269a6b080c5c"},"C:\\Users\\mikko\\Kurssit\\Ohjelmistojen ylläpito ja testaus\\vikaharkka\\test\\drop.test.js":{"path":"C:\\Users\\mikko\\Kurssit\\Ohjelmistojen ylläpito ja testaus\\vikaharkka\\test\\drop.test.js","statementMap":{"0":{"start":{"line":4,"column":0},"end":{"line":35,"column":3}},"1":{"start":{"line":6,"column":2},"end":{"line":8,"column":5}},"2":{"start":{"line":7,"column":4},"end":{"line":7,"column":50}},"3":{"start":{"line":10,"column":2},"end":{"line":12,"column":5}},"4":{"start":{"line":11,"column":4},"end":{"line":11,"column":50}},"5":{"start":{"line":14,"column":2},"end":{"line":16,"column":5}},"6":{"start":{"line":15,"column":4},"end":{"line":15,"column":49}},"7":{"start":{"line":18,"column":2},"end":{"line":21,"column":5}},"8":{"start":{"line":19,"column":4},"end":{"line":19,"column":56}},"9":{"start":{"line":20,"column":4},"end":{"line":20,"column":57}},"10":{"start":{"line":23,"column":2},"end":{"line":26,"column":5}},"11":{"start":{"line":24,"column":4},"end":{"line":24,"column":41}},"12":{"start":{"line":25,"column":4},"end":{"line":25,"column":46}},"13":{"start":{"line":28,"column":2},"end":{"line":30,"column":5}},"14":{"start":{"line":29,"column":4},"end":{"line":29,"column":42}},"15":{"start":{"line":32,"column":2},"end":{"line":34,"column":5}},"16":{"start":{"line":33,"column":4},"end":{"line":33,"column":55}}},"fnMap":{"0":{"name":"(anonymous_0)","decl":{"start":{"line":4,"column":37},"end":{"line":4,"column":38}},"loc":{"start":{"line":4,"column":43},"end":{"line":35,"column":1}},"line":4},"1":{"name":"(anonymous_1)","decl":{"start":{"line":6,"column":35},"end":{"line":6,"column":36}},"loc":{"start":{"line":6,"column":41},"end":{"line":8,"column":3}},"line":6},"2":{"name":"(anonymous_2)","decl":{"start":{"line":10,"column":44},"end":{"line":10,"column":45}},"loc":{"start":{"line":10,"column":50},"end":{"line":12,"column":3}},"line":10},"3":{"name":"(anonymous_3)","decl":{"start":{"line":14,"column":51},"end":{"line":14,"column":52}},"loc":{"start":{"line":14,"column":57},"end":{"line":16,"column":3}},"line":14},"4":{"name":"(anonymous_4)","decl":{"start":{"line":18,"column":47},"end":{"line":18,"column":48}},"loc":{"start":{"line":18,"column":53},"end":{"line":21,"column":3}},"line":18},"5":{"name":"(anonymous_5)","decl":{"start":{"line":23,"column":56},"end":{"line":23,"column":57}},"loc":{"start":{"line":23,"column":62},"end":{"line":26,"column":3}},"line":23},"6":{"name":"(anonymous_6)","decl":{"start":{"line":28,"column":29},"end":{"line":28,"column":30}},"loc":{"start":{"line":28,"column":35},"end":{"line":30,"column":3}},"line":28},"7":{"name":"(anonymous_7)","decl":{"start":{"line":32,"column":46},"end":{"line":32,"column":47}},"loc":{"start":{"line":32,"column":52},"end":{"line":34,"column":3}},"line":32}},"branchMap":{},"s":{"0":1,"1":1,"2":1,"3":1,"4":1,"5":1,"6":1,"7":1,"8":1,"9":1,"10":1,"11":1,"12":1,"13":1,"14":1,"15":1,"16":1},"f":{"0":1,"1":1,"2":1,"3":1,"4":1,"5":1,"6":1,"7":1},"b":{},"_coverageSchema":"1a1c01bbd47fc00a2c39e90264f33305004495a9","hash":"9148a0cb2ee6e09e29f721082cb4704b9ca69f49","contentHash":"ff65a633cf83f1c32355f5f7389c452a17623ced2c8e46c18465aee7ad2a3b8b"},"C:\\Users\\mikko\\Kurssit\\Ohjelmistojen ylläpito ja testaus\\vikaharkka\\test\\endsWith.test.js":{"path":"C:\\Users\\mikko\\Kurssit\\Ohjelmistojen ylläpito ja testaus\\vikaharkka\\test\\endsWith.test.js","statementMap":{"0":{"start":{"line":4,"column":0},"end":{"line":55,"column":3}},"1":{"start":{"line":6,"column":2},"end":{"line":8,"column":5}},"2":{"start":{"line":7,"column":4},"end":{"line":7,"column":48}},"3":{"start":{"line":10,"column":2},"end":{"line":12,"column":5}},"4":{"start":{"line":11,"column":4},"end":{"line":11,"column":49}},"5":{"start":{"line":14,"column":2},"end":{"line":17,"column":5}},"6":{"start":{"line":16,"column":4},"end":{"line":16,"column":51}},"7":{"start":{"line":19,"column":2},"end":{"line":22,"column":5}},"8":{"start":{"line":20,"column":4},"end":{"line":20,"column":53}},"9":{"start":{"line":21,"column":4},"end":{"line":21,"column":53}},"10":{"start":{"line":24,"column":2},"end":{"line":27,"column":5}},"11":{"start":{"line":26,"column":4},"end":{"line":26,"column":54}},"12":{"start":{"line":29,"column":2},"end":{"line":31,"column":5}},"13":{"start":{"line":30,"column":4},"end":{"line":30,"column":53}},"14":{"start":{"line":33,"column":2},"end":{"line":35,"column":5}},"15":{"start":{"line":34,"column":4},"end":{"line":34,"column":53}},"16":{"start":{"line":37,"column":2},"end":{"line":39,"column":5}},"17":{"start":{"line":38,"column":4},"end":{"line":38,"column":47}},"18":{"start":{"line":41,"column":2},"end":{"line":44,"column":5}},"19":{"start":{"line":42,"column":4},"end":{"line":42,"column":44}},"20":{"start":{"line":43,"column":4},"end":{"line":43,"column":46}},"21":{"start":{"line":46,"column":2},"end":{"line":50,"column":5}},"22":{"start":{"line":49,"column":4},"end":{"line":49,"column":49}},"23":{"start":{"line":52,"column":2},"end":{"line":54,"column":5}},"24":{"start":{"line":53,"column":4},"end":{"line":53,"column":52}}},"fnMap":{"0":{"name":"(anonymous_0)","decl":{"start":{"line":4,"column":39},"end":{"line":4,"column":40}},"loc":{"start":{"line":4,"column":45},"end":{"line":55,"column":1}},"line":4},"1":{"name":"(anonymous_1)","decl":{"start":{"line":6,"column":50},"end":{"line":6,"column":51}},"loc":{"start":{"line":6,"column":56},"end":{"line":8,"column":3}},"line":6},"2":{"name":"(anonymous_2)","decl":{"start":{"line":10,"column":59},"end":{"line":10,"column":60}},"loc":{"start":{"line":10,"column":65},"end":{"line":12,"column":3}},"line":10},"3":{"name":"(anonymous_3)","decl":{"start":{"line":14,"column":55},"end":{"line":14,"column":56}},"loc":{"start":{"line":14,"column":61},"end":{"line":17,"column":3}},"line":14},"4":{"name":"(anonymous_4)","decl":{"start":{"line":19,"column":37},"end":{"line":19,"column":38}},"loc":{"start":{"line":19,"column":43},"end":{"line":22,"column":3}},"line":19},"5":{"name":"(anonymous_5)","decl":{"start":{"line":24,"column":51},"end":{"line":24,"column":52}},"loc":{"start":{"line":24,"column":57},"end":{"line":27,"column":3}},"line":24},"6":{"name":"(anonymous_6)","decl":{"start":{"line":29,"column":38},"end":{"line":29,"column":39}},"loc":{"start":{"line":29,"column":44},"end":{"line":31,"column":3}},"line":29},"7":{"name":"(anonymous_7)","decl":{"start":{"line":33,"column":54},"end":{"line":33,"column":55}},"loc":{"start":{"line":33,"column":60},"end":{"line":35,"column":3}},"line":33},"8":{"name":"(anonymous_8)","decl":{"start":{"line":37,"column":39},"end":{"line":37,"column":40}},"loc":{"start":{"line":37,"column":45},"end":{"line":39,"column":3}},"line":37},"9":{"name":"(anonymous_9)","decl":{"start":{"line":41,"column":35},"end":{"line":41,"column":36}},"loc":{"start":{"line":41,"column":41},"end":{"line":44,"column":3}},"line":41},"10":{"name":"(anonymous_10)","decl":{"start":{"line":46,"column":78},"end":{"line":46,"column":79}},"loc":{"start":{"line":46,"column":84},"end":{"line":50,"column":3}},"line":46},"11":{"name":"(anonymous_11)","decl":{"start":{"line":52,"column":65},"end":{"line":52,"column":66}},"loc":{"start":{"line":52,"column":71},"end":{"line":54,"column":3}},"line":52}},"branchMap":{},"s":{"0":1,"1":1,"2":1,"3":1,"4":1,"5":1,"6":1,"7":1,"8":1,"9":1,"10":1,"11":1,"12":1,"13":1,"14":1,"15":1,"16":1,"17":1,"18":1,"19":1,"20":1,"21":1,"22":1,"23":1,"24":1},"f":{"0":1,"1":1,"2":1,"3":1,"4":1,"5":1,"6":1,"7":1,"8":1,"9":1,"10":1,"11":1},"b":{},"_coverageSchema":"1a1c01bbd47fc00a2c39e90264f33305004495a9","hash":"a6d4c134d0c0b22e86fc2996c3b05a6019da1d23","contentHash":"ff0f8c0aececd2a660be02754a95133b1f2215f680ee1ae3c5f1d407be52f902"},"C:\\Users\\mikko\\Kurssit\\Ohjelmistojen ylläpito ja testaus\\vikaharkka\\test\\eq.test.js":{"path":"C:\\Users\\mikko\\Kurssit\\Ohjelmistojen ylläpito ja testaus\\vikaharkka\\test\\eq.test.js","statementMap":{"0":{"start":{"line":4,"column":0},"end":{"line":50,"column":3}},"1":{"start":{"line":6,"column":2},"end":{"line":9,"column":5}},"2":{"start":{"line":7,"column":4},"end":{"line":7,"column":36}},"3":{"start":{"line":8,"column":4},"end":{"line":8,"column":40}},"4":{"start":{"line":11,"column":2},"end":{"line":15,"column":5}},"5":{"start":{"line":12,"column":4},"end":{"line":12,"column":38}},"6":{"start":{"line":13,"column":4},"end":{"line":13,"column":40}},"7":{"start":{"line":14,"column":4},"end":{"line":14,"column":41}},"8":{"start":{"line":17,"column":2},"end":{"line":21,"column":5}},"9":{"start":{"line":18,"column":14},"end":{"line":18,"column":22}},"10":{"start":{"line":19,"column":14},"end":{"line":19,"column":22}},"11":{"start":{"line":20,"column":4},"end":{"line":20,"column":37}},"12":{"start":{"line":23,"column":2},"end":{"line":26,"column":5}},"13":{"start":{"line":24,"column":16},"end":{"line":24,"column":24}},"14":{"start":{"line":25,"column":4},"end":{"line":25,"column":40}},"15":{"start":{"line":32,"column":2},"end":{"line":34,"column":5}},"16":{"start":{"line":33,"column":2},"end":{"line":33,"column":46}},"17":{"start":{"line":37,"column":2},"end":{"line":39,"column":5}},"18":{"start":{"line":38,"column":4},"end":{"line":38,"column":40}},"19":{"start":{"line":41,"column":2},"end":{"line":43,"column":5}},"20":{"start":{"line":42,"column":4},"end":{"line":42,"column":38}},"21":{"start":{"line":45,"column":2},"end":{"line":49,"column":5}},"22":{"start":{"line":46,"column":4},"end":{"line":46,"column":37}},"23":{"start":{"line":47,"column":4},"end":{"line":47,"column":41}},"24":{"start":{"line":48,"column":4},"end":{"line":48,"column":44}}},"fnMap":{"0":{"name":"(anonymous_0)","decl":{"start":{"line":4,"column":33},"end":{"line":4,"column":34}},"loc":{"start":{"line":4,"column":39},"end":{"line":50,"column":1}},"line":4},"1":{"name":"(anonymous_1)","decl":{"start":{"line":6,"column":47},"end":{"line":6,"column":48}},"loc":{"start":{"line":6,"column":53},"end":{"line":9,"column":3}},"line":6},"2":{"name":"(anonymous_2)","decl":{"start":{"line":11,"column":62},"end":{"line":11,"column":63}},"loc":{"start":{"line":11,"column":68},"end":{"line":15,"column":3}},"line":11},"3":{"name":"(anonymous_3)","decl":{"start":{"line":17,"column":59},"end":{"line":17,"column":60}},"loc":{"start":{"line":17,"column":65},"end":{"line":21,"column":3}},"line":17},"4":{"name":"(anonymous_4)","decl":{"start":{"line":23,"column":62},"end":{"line":23,"column":63}},"loc":{"start":{"line":23,"column":68},"end":{"line":26,"column":3}},"line":23},"5":{"name":"(anonymous_5)","decl":{"start":{"line":32,"column":71},"end":{"line":32,"column":72}},"loc":{"start":{"line":32,"column":77},"end":{"line":34,"column":3}},"line":32},"6":{"name":"(anonymous_6)","decl":{"start":{"line":37,"column":53},"end":{"line":37,"column":54}},"loc":{"start":{"line":37,"column":59},"end":{"line":39,"column":3}},"line":37},"7":{"name":"(anonymous_7)","decl":{"start":{"line":41,"column":52},"end":{"line":41,"column":53}},"loc":{"start":{"line":41,"column":58},"end":{"line":43,"column":3}},"line":41},"8":{"name":"(anonymous_8)","decl":{"start":{"line":45,"column":51},"end":{"line":45,"column":52}},"loc":{"start":{"line":45,"column":57},"end":{"line":49,"column":3}},"line":45}},"branchMap":{},"s":{"0":1,"1":1,"2":1,"3":1,"4":1,"5":1,"6":1,"7":1,"8":1,"9":1,"10":1,"11":1,"12":1,"13":1,"14":1,"15":1,"16":1,"17":1,"18":1,"19":1,"20":1,"21":1,"22":1,"23":1,"24":1},"f":{"0":1,"1":1,"2":1,"3":1,"4":1,"5":1,"6":1,"7":1,"8":1},"b":{},"_coverageSchema":"1a1c01bbd47fc00a2c39e90264f33305004495a9","hash":"cdcd3e56f66f63c30f08a6ae20685f86157a50c8","contentHash":"b85832f7249232553728f48357f1d58c01436260e9ab811f84cf5394b5562b65"},"C:\\Users\\mikko\\Kurssit\\Ohjelmistojen ylläpito ja testaus\\vikaharkka\\test\\every.test.js":{"path":"C:\\Users\\mikko\\Kurssit\\Ohjelmistojen ylläpito ja testaus\\vikaharkka\\test\\every.test.js","statementMap":{"0":{"start":{"line":4,"column":0},"end":{"line":46,"column":3}},"1":{"start":{"line":6,"column":2},"end":{"line":8,"column":5}},"2":{"start":{"line":7,"column":4},"end":{"line":7,"column":45}},"3":{"start":{"line":7,"column":26},"end":{"line":7,"column":27}},"4":{"start":{"line":10,"column":2},"end":{"line":12,"column":5}},"5":{"start":{"line":11,"column":4},"end":{"line":11,"column":62}},"6":{"start":{"line":11,"column":33},"end":{"line":11,"column":44}},"7":{"start":{"line":14,"column":2},"end":{"line":16,"column":5}},"8":{"start":{"line":15,"column":4},"end":{"line":15,"column":66}},"9":{"start":{"line":15,"column":36},"end":{"line":15,"column":47}},"10":{"start":{"line":18,"column":2},"end":{"line":25,"column":5}},"11":{"start":{"line":19,"column":16},"end":{"line":19,"column":17}},"12":{"start":{"line":20,"column":4},"end":{"line":23,"column":7}},"13":{"start":{"line":21,"column":6},"end":{"line":21,"column":14}},"14":{"start":{"line":22,"column":6},"end":{"line":22,"column":19}},"15":{"start":{"line":24,"column":4},"end":{"line":24,"column":30}},"16":{"start":{"line":27,"column":2},"end":{"line":35,"column":5}},"17":{"start":{"line":28,"column":16},"end":{"line":28,"column":21}},"18":{"start":{"line":29,"column":4},"end":{"line":34,"column":7}},"19":{"start":{"line":30,"column":6},"end":{"line":30,"column":34}},"20":{"start":{"line":31,"column":6},"end":{"line":31,"column":32}},"21":{"start":{"line":32,"column":6},"end":{"line":32,"column":34}},"22":{"start":{"line":33,"column":6},"end":{"line":33,"column":18}},"23":{"start":{"line":37,"column":2},"end":{"line":40,"column":5}},"24":{"start":{"line":38,"column":4},"end":{"line":38,"column":47}},"25":{"start":{"line":38,"column":28},"end":{"line":38,"column":29}},"26":{"start":{"line":39,"column":4},"end":{"line":39,"column":52}},"27":{"start":{"line":39,"column":33},"end":{"line":39,"column":34}},"28":{"start":{"line":42,"column":2},"end":{"line":45,"column":5}},"29":{"start":{"line":43,"column":4},"end":{"line":43,"column":60}},"30":{"start":{"line":44,"column":4},"end":{"line":44,"column":67}}},"fnMap":{"0":{"name":"(anonymous_0)","decl":{"start":{"line":4,"column":36},"end":{"line":4,"column":37}},"loc":{"start":{"line":4,"column":42},"end":{"line":46,"column":1}},"line":4},"1":{"name":"(anonymous_1)","decl":{"start":{"line":6,"column":54},"end":{"line":6,"column":55}},"loc":{"start":{"line":6,"column":60},"end":{"line":8,"column":3}},"line":6},"2":{"name":"(anonymous_2)","decl":{"start":{"line":7,"column":21},"end":{"line":7,"column":22}},"loc":{"start":{"line":7,"column":26},"end":{"line":7,"column":27}},"line":7},"3":{"name":"(anonymous_3)","decl":{"start":{"line":10,"column":61},"end":{"line":10,"column":62}},"loc":{"start":{"line":10,"column":67},"end":{"line":12,"column":3}},"line":10},"4":{"name":"(anonymous_4)","decl":{"start":{"line":11,"column":28},"end":{"line":11,"column":29}},"loc":{"start":{"line":11,"column":33},"end":{"line":11,"column":44}},"line":11},"5":{"name":"(anonymous_5)","decl":{"start":{"line":14,"column":68},"end":{"line":14,"column":69}},"loc":{"start":{"line":14,"column":74},"end":{"line":16,"column":3}},"line":14},"6":{"name":"(anonymous_6)","decl":{"start":{"line":15,"column":31},"end":{"line":15,"column":32}},"loc":{"start":{"line":15,"column":36},"end":{"line":15,"column":47}},"line":15},"7":{"name":"(anonymous_7)","decl":{"start":{"line":18,"column":59},"end":{"line":18,"column":60}},"loc":{"start":{"line":18,"column":65},"end":{"line":25,"column":3}},"line":18},"8":{"name":"(anonymous_8)","decl":{"start":{"line":20,"column":24},"end":{"line":20,"column":25}},"loc":{"start":{"line":20,"column":29},"end":{"line":23,"column":5}},"line":20},"9":{"name":"(anonymous_9)","decl":{"start":{"line":27,"column":52},"end":{"line":27,"column":53}},"loc":{"start":{"line":27,"column":58},"end":{"line":35,"column":3}},"line":27},"10":{"name":"(anonymous_10)","decl":{"start":{"line":29,"column":15},"end":{"line":29,"column":16}},"loc":{"start":{"line":29,"column":40},"end":{"line":34,"column":5}},"line":29},"11":{"name":"(anonymous_11)","decl":{"start":{"line":37,"column":53},"end":{"line":37,"column":54}},"loc":{"start":{"line":37,"column":59},"end":{"line":40,"column":3}},"line":37},"12":{"name":"(anonymous_12)","decl":{"start":{"line":38,"column":23},"end":{"line":38,"column":24}},"loc":{"start":{"line":38,"column":28},"end":{"line":38,"column":29}},"line":38},"13":{"name":"(anonymous_13)","decl":{"start":{"line":39,"column":28},"end":{"line":39,"column":29}},"loc":{"start":{"line":39,"column":33},"end":{"line":39,"column":34}},"line":39},"14":{"name":"(anonymous_14)","decl":{"start":{"line":42,"column":46},"end":{"line":42,"column":47}},"loc":{"start":{"line":42,"column":52},"end":{"line":45,"column":3}},"line":42}},"branchMap":{},"s":{"0":1,"1":1,"2":1,"3":0,"4":1,"5":1,"6":3,"7":1,"8":1,"9":3,"10":1,"11":1,"12":1,"13":2,"14":2,"15":1,"16":1,"17":1,"18":1,"19":1,"20":1,"21":1,"22":1,"23":1,"24":1,"25":0,"26":1,"27":0,"28":1,"29":1,"30":1},"f":{"0":1,"1":1,"2":0,"3":1,"4":3,"5":1,"6":3,"7":1,"8":2,"9":1,"10":1,"11":1,"12":0,"13":0,"14":1},"b":{},"_coverageSchema":"1a1c01bbd47fc00a2c39e90264f33305004495a9","hash":"e5d0d722c2f538b29183fef989cad359bf4f62f3","contentHash":"4f1d5822ef8adcace163b5c85e8720083a807420aa072094892f253fbd2c9a26"},"C:\\Users\\mikko\\Kurssit\\Ohjelmistojen ylläpito ja testaus\\vikaharkka\\test\\filter.test.js":{"path":"C:\\Users\\mikko\\Kurssit\\Ohjelmistojen ylläpito ja testaus\\vikaharkka\\test\\filter.test.js","statementMap":{"0":{"start":{"line":4,"column":0},"end":{"line":41,"column":3}},"1":{"start":{"line":6,"column":2},"end":{"line":9,"column":5}},"2":{"start":{"line":7,"column":19},"end":{"line":7,"column":57}},"3":{"start":{"line":7,"column":45},"end":{"line":7,"column":56}},"4":{"start":{"line":8,"column":4},"end":{"line":8,"column":41}},"5":{"start":{"line":11,"column":2},"end":{"line":14,"column":5}},"6":{"start":{"line":12,"column":19},"end":{"line":12,"column":54}},"7":{"start":{"line":12,"column":42},"end":{"line":12,"column":53}},"8":{"start":{"line":13,"column":4},"end":{"line":13,"column":39}},"9":{"start":{"line":16,"column":2},"end":{"line":21,"column":5}},"10":{"start":{"line":17,"column":19},"end":{"line":17,"column":48}},"11":{"start":{"line":17,"column":42},"end":{"line":17,"column":47}},"12":{"start":{"line":20,"column":4},"end":{"line":20,"column":41}},"13":{"start":{"line":23,"column":2},"end":{"line":31,"column":5}},"14":{"start":{"line":24,"column":16},"end":{"line":24,"column":21}},"15":{"start":{"line":25,"column":4},"end":{"line":30,"column":7}},"16":{"start":{"line":26,"column":6},"end":{"line":26,"column":34}},"17":{"start":{"line":27,"column":6},"end":{"line":27,"column":32}},"18":{"start":{"line":28,"column":6},"end":{"line":28,"column":34}},"19":{"start":{"line":29,"column":6},"end":{"line":29,"column":18}},"20":{"start":{"line":33,"column":2},"end":{"line":36,"column":5}},"21":{"start":{"line":34,"column":4},"end":{"line":34,"column":53}},"22":{"start":{"line":34,"column":29},"end":{"line":34,"column":30}},"23":{"start":{"line":35,"column":4},"end":{"line":35,"column":58}},"24":{"start":{"line":35,"column":34},"end":{"line":35,"column":35}},"25":{"start":{"line":38,"column":2},"end":{"line":40,"column":5}},"26":{"start":{"line":39,"column":4},"end":{"line":39,"column":51}},"27":{"start":{"line":39,"column":27},"end":{"line":39,"column":28}}},"fnMap":{"0":{"name":"(anonymous_0)","decl":{"start":{"line":4,"column":37},"end":{"line":4,"column":38}},"loc":{"start":{"line":4,"column":43},"end":{"line":41,"column":1}},"line":4},"1":{"name":"(anonymous_1)","decl":{"start":{"line":6,"column":43},"end":{"line":6,"column":44}},"loc":{"start":{"line":6,"column":49},"end":{"line":9,"column":3}},"line":6},"2":{"name":"(anonymous_2)","decl":{"start":{"line":7,"column":40},"end":{"line":7,"column":41}},"loc":{"start":{"line":7,"column":45},"end":{"line":7,"column":56}},"line":7},"3":{"name":"(anonymous_3)","decl":{"start":{"line":11,"column":92},"end":{"line":11,"column":93}},"loc":{"start":{"line":11,"column":98},"end":{"line":14,"column":3}},"line":11},"4":{"name":"(anonymous_4)","decl":{"start":{"line":12,"column":37},"end":{"line":12,"column":38}},"loc":{"start":{"line":12,"column":42},"end":{"line":12,"column":53}},"line":12},"5":{"name":"(anonymous_5)","decl":{"start":{"line":16,"column":73},"end":{"line":16,"column":74}},"loc":{"start":{"line":16,"column":79},"end":{"line":21,"column":3}},"line":16},"6":{"name":"(anonymous_6)","decl":{"start":{"line":17,"column":37},"end":{"line":17,"column":38}},"loc":{"start":{"line":17,"column":42},"end":{"line":17,"column":47}},"line":17},"7":{"name":"(anonymous_7)","decl":{"start":{"line":23,"column":52},"end":{"line":23,"column":53}},"loc":{"start":{"line":23,"column":58},"end":{"line":31,"column":3}},"line":23},"8":{"name":"(anonymous_8)","decl":{"start":{"line":25,"column":16},"end":{"line":25,"column":17}},"loc":{"start":{"line":25,"column":41},"end":{"line":30,"column":5}},"line":25},"9":{"name":"(anonymous_9)","decl":{"start":{"line":33,"column":53},"end":{"line":33,"column":54}},"loc":{"start":{"line":33,"column":59},"end":{"line":36,"column":3}},"line":33},"10":{"name":"(anonymous_10)","decl":{"start":{"line":34,"column":24},"end":{"line":34,"column":25}},"loc":{"start":{"line":34,"column":29},"end":{"line":34,"column":30}},"line":34},"11":{"name":"(anonymous_11)","decl":{"start":{"line":35,"column":29},"end":{"line":35,"column":30}},"loc":{"start":{"line":35,"column":34},"end":{"line":35,"column":35}},"line":35},"12":{"name":"(anonymous_12)","decl":{"start":{"line":38,"column":29},"end":{"line":38,"column":30}},"loc":{"start":{"line":38,"column":35},"end":{"line":40,"column":3}},"line":38},"13":{"name":"(anonymous_13)","decl":{"start":{"line":39,"column":22},"end":{"line":39,"column":23}},"loc":{"start":{"line":39,"column":27},"end":{"line":39,"column":28}},"line":39}},"branchMap":{},"s":{"0":1,"1":1,"2":1,"3":4,"4":1,"5":1,"6":1,"7":3,"8":1,"9":1,"10":1,"11":3,"12":1,"13":1,"14":1,"15":1,"16":1,"17":1,"18":1,"19":1,"20":1,"21":1,"22":0,"23":1,"24":0,"25":1,"26":1,"27":0},"f":{"0":1,"1":1,"2":4,"3":1,"4":3,"5":1,"6":3,"7":1,"8":1,"9":1,"10":0,"11":0,"12":1,"13":0},"b":{},"_coverageSchema":"1a1c01bbd47fc00a2c39e90264f33305004495a9","hash":"d8bff1118f08ea0f0052c1e360dc82a6e86e5b4d","contentHash":"31e3f19987976e9e040f2fa3f7b5867318e8c60ce75c9bebb5eada6fe9303991"},"C:\\Users\\mikko\\Kurssit\\Ohjelmistojen ylläpito ja testaus\\vikaharkka\\test\\get.test.js":{"path":"C:\\Users\\mikko\\Kurssit\\Ohjelmistojen ylläpito ja testaus\\vikaharkka\\test\\get.test.js","statementMap":{"0":{"start":{"line":4,"column":0},"end":{"line":67,"column":3}},"1":{"start":{"line":6,"column":2},"end":{"line":9,"column":5}},"2":{"start":{"line":7,"column":16},"end":{"line":7,"column":40}},"3":{"start":{"line":8,"column":4},"end":{"line":8,"column":45}},"4":{"start":{"line":11,"column":2},"end":{"line":14,"column":5}},"5":{"start":{"line":12,"column":16},"end":{"line":12,"column":40}},"6":{"start":{"line":13,"column":4},"end":{"line":13,"column":55}},"7":{"start":{"line":16,"column":2},"end":{"line":19,"column":5}},"8":{"start":{"line":17,"column":16},"end":{"line":17,"column":32}},"9":{"start":{"line":18,"column":4},"end":{"line":18,"column":61}},"10":{"start":{"line":21,"column":2},"end":{"line":24,"column":5}},"11":{"start":{"line":22,"column":16},"end":{"line":22,"column":25}},"12":{"start":{"line":23,"column":4},"end":{"line":23,"column":48}},"13":{"start":{"line":26,"column":2},"end":{"line":29,"column":5}},"14":{"start":{"line":27,"column":4},"end":{"line":27,"column":60}},"15":{"start":{"line":28,"column":4},"end":{"line":28,"column":65}},"16":{"start":{"line":31,"column":2},"end":{"line":34,"column":5}},"17":{"start":{"line":32,"column":4},"end":{"line":32,"column":49}},"18":{"start":{"line":33,"column":4},"end":{"line":33,"column":54}},"19":{"start":{"line":36,"column":2},"end":{"line":39,"column":5}},"20":{"start":{"line":37,"column":16},"end":{"line":37,"column":35}},"21":{"start":{"line":38,"column":4},"end":{"line":38,"column":42}},"22":{"start":{"line":41,"column":2},"end":{"line":44,"column":5}},"23":{"start":{"line":42,"column":16},"end":{"line":42,"column":25}},"24":{"start":{"line":43,"column":4},"end":{"line":43,"column":65}},"25":{"start":{"line":56,"column":2},"end":{"line":59,"column":5}},"26":{"start":{"line":57,"column":16},"end":{"line":57,"column":24}},"27":{"start":{"line":58,"column":4},"end":{"line":58,"column":45}},"28":{"start":{"line":61,"column":2},"end":{"line":64,"column":5}},"29":{"start":{"line":62,"column":16},"end":{"line":62,"column":24}},"30":{"start":{"line":63,"column":4},"end":{"line":63,"column":45}}},"fnMap":{"0":{"name":"(anonymous_0)","decl":{"start":{"line":4,"column":36},"end":{"line":4,"column":37}},"loc":{"start":{"line":4,"column":42},"end":{"line":67,"column":1}},"line":4},"1":{"name":"(anonymous_1)","decl":{"start":{"line":6,"column":51},"end":{"line":6,"column":52}},"loc":{"start":{"line":6,"column":57},"end":{"line":9,"column":3}},"line":6},"2":{"name":"(anonymous_2)","decl":{"start":{"line":11,"column":51},"end":{"line":11,"column":52}},"loc":{"start":{"line":11,"column":57},"end":{"line":14,"column":3}},"line":11},"3":{"name":"(anonymous_3)","decl":{"start":{"line":16,"column":62},"end":{"line":16,"column":63}},"loc":{"start":{"line":16,"column":68},"end":{"line":19,"column":3}},"line":16},"4":{"name":"(anonymous_4)","decl":{"start":{"line":21,"column":77},"end":{"line":21,"column":78}},"loc":{"start":{"line":21,"column":83},"end":{"line":24,"column":3}},"line":21},"5":{"name":"(anonymous_5)","decl":{"start":{"line":26,"column":62},"end":{"line":26,"column":63}},"loc":{"start":{"line":26,"column":68},"end":{"line":29,"column":3}},"line":26},"6":{"name":"(anonymous_6)","decl":{"start":{"line":31,"column":83},"end":{"line":31,"column":84}},"loc":{"start":{"line":31,"column":89},"end":{"line":34,"column":3}},"line":31},"7":{"name":"(anonymous_7)","decl":{"start":{"line":36,"column":39},"end":{"line":36,"column":40}},"loc":{"start":{"line":36,"column":45},"end":{"line":39,"column":3}},"line":36},"8":{"name":"(anonymous_8)","decl":{"start":{"line":41,"column":48},"end":{"line":41,"column":49}},"loc":{"start":{"line":41,"column":54},"end":{"line":44,"column":3}},"line":41},"9":{"name":"(anonymous_9)","decl":{"start":{"line":56,"column":70},"end":{"line":56,"column":71}},"loc":{"start":{"line":56,"column":76},"end":{"line":59,"column":3}},"line":56},"10":{"name":"(anonymous_10)","decl":{"start":{"line":61,"column":72},"end":{"line":61,"column":73}},"loc":{"start":{"line":61,"column":78},"end":{"line":64,"column":3}},"line":61}},"branchMap":{},"s":{"0":1,"1":1,"2":1,"3":1,"4":1,"5":1,"6":1,"7":1,"8":1,"9":1,"10":1,"11":1,"12":1,"13":1,"14":1,"15":1,"16":1,"17":1,"18":1,"19":1,"20":1,"21":1,"22":1,"23":1,"24":1,"25":1,"26":1,"27":1,"28":1,"29":1,"30":1},"f":{"0":1,"1":1,"2":1,"3":1,"4":1,"5":1,"6":1,"7":1,"8":1,"9":1,"10":1},"b":{},"_coverageSchema":"1a1c01bbd47fc00a2c39e90264f33305004495a9","hash":"16eafab04c52f70539ee5d7b3e928d28f03743f2","contentHash":"ebaf0bd3c415868c78d96b735a56b605e3dbe5e0ec679788ffbd6e09aa121921"},"C:\\Users\\mikko\\Kurssit\\Ohjelmistojen ylläpito ja testaus\\vikaharkka\\test\\isArguments.test.js":{"path":"C:\\Users\\mikko\\Kurssit\\Ohjelmistojen ylläpito ja testaus\\vikaharkka\\test\\isArguments.test.js","statementMap":{"0":{"start":{"line":4,"column":0},"end":{"line":40,"column":3}},"1":{"start":{"line":6,"column":2},"end":{"line":10,"column":5}},"2":{"start":{"line":7,"column":4},"end":{"line":9,"column":9}},"3":{"start":{"line":8,"column":6},"end":{"line":8,"column":52}},"4":{"start":{"line":12,"column":2},"end":{"line":14,"column":5}},"5":{"start":{"line":13,"column":4},"end":{"line":13,"column":51}},"6":{"start":{"line":16,"column":2},"end":{"line":18,"column":5}},"7":{"start":{"line":17,"column":4},"end":{"line":17,"column":63}},"8":{"start":{"line":20,"column":2},"end":{"line":23,"column":5}},"9":{"start":{"line":21,"column":4},"end":{"line":21,"column":46}},"10":{"start":{"line":22,"column":4},"end":{"line":22,"column":51}},"11":{"start":{"line":25,"column":2},"end":{"line":29,"column":5}},"12":{"start":{"line":26,"column":4},"end":{"line":26,"column":45}},"13":{"start":{"line":27,"column":4},"end":{"line":27,"column":47}},"14":{"start":{"line":28,"column":4},"end":{"line":28,"column":46}},"15":{"start":{"line":31,"column":2},"end":{"line":33,"column":5}},"16":{"start":{"line":32,"column":4},"end":{"line":32,"column":56}},"17":{"start":{"line":35,"column":2},"end":{"line":39,"column":5}},"18":{"start":{"line":36,"column":15},"end":{"line":36,"column":43}},"19":{"start":{"line":36,"column":21},"end":{"line":36,"column":43}},"20":{"start":{"line":38,"column":4},"end":{"line":38,"column":44}}},"fnMap":{"0":{"name":"(anonymous_0)","decl":{"start":{"line":4,"column":42},"end":{"line":4,"column":43}},"loc":{"start":{"line":4,"column":48},"end":{"line":40,"column":1}},"line":4},"1":{"name":"(anonymous_1)","decl":{"start":{"line":6,"column":49},"end":{"line":6,"column":50}},"loc":{"start":{"line":6,"column":55},"end":{"line":10,"column":3}},"line":6},"2":{"name":"(anonymous_2)","decl":{"start":{"line":7,"column":5},"end":{"line":7,"column":6}},"loc":{"start":{"line":7,"column":17},"end":{"line":9,"column":5}},"line":7},"3":{"name":"(anonymous_3)","decl":{"start":{"line":12,"column":33},"end":{"line":12,"column":34}},"loc":{"start":{"line":12,"column":39},"end":{"line":14,"column":3}},"line":12},"4":{"name":"(anonymous_4)","decl":{"start":{"line":16,"column":40},"end":{"line":16,"column":41}},"loc":{"start":{"line":16,"column":46},"end":{"line":18,"column":3}},"line":16},"5":{"name":"(anonymous_5)","decl":{"start":{"line":20,"column":45},"end":{"line":20,"column":46}},"loc":{"start":{"line":20,"column":51},"end":{"line":23,"column":3}},"line":20},"6":{"name":"(anonymous_6)","decl":{"start":{"line":25,"column":37},"end":{"line":25,"column":38}},"loc":{"start":{"line":25,"column":43},"end":{"line":29,"column":3}},"line":25},"7":{"name":"(anonymous_7)","decl":{"start":{"line":31,"column":69},"end":{"line":31,"column":70}},"loc":{"start":{"line":31,"column":75},"end":{"line":33,"column":3}},"line":31},"8":{"name":"(anonymous_8)","decl":{"start":{"line":32,"column":23},"end":{"line":32,"column":24}},"loc":{"start":{"line":32,"column":35},"end":{"line":32,"column":37}},"line":32},"9":{"name":"(anonymous_9)","decl":{"start":{"line":35,"column":64},"end":{"line":35,"column":65}},"loc":{"start":{"line":35,"column":70},"end":{"line":39,"column":3}},"line":35},"10":{"name":"(anonymous_10)","decl":{"start":{"line":36,"column":15},"end":{"line":36,"column":16}},"loc":{"start":{"line":36,"column":21},"end":{"line":36,"column":43}},"line":36}},"branchMap":{},"s":{"0":1,"1":1,"2":1,"3":1,"4":1,"5":1,"6":1,"7":1,"8":1,"9":1,"10":1,"11":1,"12":1,"13":1,"14":1,"15":1,"16":1,"17":1,"18":1,"19":0,"20":1},"f":{"0":1,"1":1,"2":1,"3":1,"4":1,"5":1,"6":1,"7":1,"8":0,"9":1,"10":0},"b":{},"_coverageSchema":"1a1c01bbd47fc00a2c39e90264f33305004495a9","hash":"4cb70b2c24ef73fbf5c04f51e7eea1d64c22cbc7","contentHash":"b3754f75d8cca2a516dc4b1168d83e8c46f1ef47febf16243c8c286f58588a36"},"C:\\Users\\mikko\\Kurssit\\Ohjelmistojen ylläpito ja testaus\\vikaharkka\\test\\isArrayLike.test.js":{"path":"C:\\Users\\mikko\\Kurssit\\Ohjelmistojen ylläpito ja testaus\\vikaharkka\\test\\isArrayLike.test.js","statementMap":{"0":{"start":{"line":4,"column":0},"end":{"line":43,"column":3}},"1":{"start":{"line":6,"column":2},"end":{"line":8,"column":5}},"2":{"start":{"line":7,"column":4},"end":{"line":7,"column":50}},"3":{"start":{"line":10,"column":2},"end":{"line":12,"column":5}},"4":{"start":{"line":11,"column":4},"end":{"line":11,"column":46}},"5":{"start":{"line":14,"column":2},"end":{"line":17,"column":5}},"6":{"start":{"line":15,"column":4},"end":{"line":15,"column":54}},"7":{"start":{"line":16,"column":4},"end":{"line":16,"column":62}},"8":{"start":{"line":19,"column":2},"end":{"line":22,"column":5}},"9":{"start":{"line":20,"column":4},"end":{"line":20,"column":56}},"10":{"start":{"line":21,"column":4},"end":{"line":21,"column":50}},"11":{"start":{"line":24,"column":2},"end":{"line":27,"column":5}},"12":{"start":{"line":25,"column":4},"end":{"line":25,"column":46}},"13":{"start":{"line":26,"column":4},"end":{"line":26,"column":51}},"14":{"start":{"line":29,"column":2},"end":{"line":31,"column":5}},"15":{"start":{"line":30,"column":4},"end":{"line":30,"column":44}},"16":{"start":{"line":33,"column":2},"end":{"line":37,"column":5}},"17":{"start":{"line":34,"column":4},"end":{"line":34,"column":56}},"18":{"start":{"line":35,"column":4},"end":{"line":35,"column":58}},"19":{"start":{"line":36,"column":4},"end":{"line":36,"column":81}},"20":{"start":{"line":39,"column":2},"end":{"line":42,"column":5}},"21":{"start":{"line":40,"column":4},"end":{"line":40,"column":45}},"22":{"start":{"line":41,"column":4},"end":{"line":41,"column":46}}},"fnMap":{"0":{"name":"(anonymous_0)","decl":{"start":{"line":4,"column":42},"end":{"line":4,"column":43}},"loc":{"start":{"line":4,"column":48},"end":{"line":43,"column":1}},"line":4},"1":{"name":"(anonymous_1)","decl":{"start":{"line":6,"column":32},"end":{"line":6,"column":33}},"loc":{"start":{"line":6,"column":38},"end":{"line":8,"column":3}},"line":6},"2":{"name":"(anonymous_2)","decl":{"start":{"line":10,"column":33},"end":{"line":10,"column":34}},"loc":{"start":{"line":10,"column":39},"end":{"line":12,"column":3}},"line":10},"3":{"name":"(anonymous_3)","decl":{"start":{"line":14,"column":62},"end":{"line":14,"column":63}},"loc":{"start":{"line":14,"column":68},"end":{"line":17,"column":3}},"line":14},"4":{"name":"(anonymous_4)","decl":{"start":{"line":19,"column":36},"end":{"line":19,"column":37}},"loc":{"start":{"line":19,"column":42},"end":{"line":22,"column":3}},"line":19},"5":{"name":"(anonymous_5)","decl":{"start":{"line":20,"column":23},"end":{"line":20,"column":24}},"loc":{"start":{"line":20,"column":35},"end":{"line":20,"column":37}},"line":20},"6":{"name":"(anonymous_6)","decl":{"start":{"line":21,"column":23},"end":{"line":21,"column":24}},"loc":{"start":{"line":21,"column":29},"end":{"line":21,"column":31}},"line":21},"7":{"name":"(anonymous_7)","decl":{"start":{"line":24,"column":44},"end":{"line":24,"column":45}},"loc":{"start":{"line":24,"column":50},"end":{"line":27,"column":3}},"line":24},"8":{"name":"(anonymous_8)","decl":{"start":{"line":29,"column":60},"end":{"line":29,"column":61}},"loc":{"start":{"line":29,"column":66},"end":{"line":31
[...]
end":{"line":13,"column":57}},"7":{"start":{"line":16,"column":2},"end":{"line":19,"column":5}},"8":{"start":{"line":17,"column":4},"end":{"line":17,"column":44}},"9":{"start":{"line":18,"column":4},"end":{"line":18,"column":49}},"10":{"start":{"line":21,"column":2},"end":{"line":25,"column":5}},"11":{"start":{"line":22,"column":4},"end":{"line":22,"column":41}},"12":{"start":{"line":23,"column":4},"end":{"line":23,"column":41}},"13":{"start":{"line":24,"column":4},"end":{"line":24,"column":43}},"14":{"start":{"line":27,"column":2},"end":{"line":31,"column":5}},"15":{"start":{"line":28,"column":4},"end":{"line":28,"column":46}},"16":{"start":{"line":29,"column":4},"end":{"line":29,"column":47}},"17":{"start":{"line":30,"column":4},"end":{"line":30,"column":42}},"18":{"start":{"line":33,"column":2},"end":{"line":36,"column":5}},"19":{"start":{"line":34,"column":4},"end":{"line":34,"column":42}},"20":{"start":{"line":35,"column":4},"end":{"line":35,"column":42}},"21":{"start":{"line":38,"column":2},"end":{"line":41,"column":5}},"22":{"start":{"line":39,"column":4},"end":{"line":39,"column":48}},"23":{"start":{"line":40,"column":4},"end":{"line":40,"column":54}}},"fnMap":{"0":{"name":"(anonymous_0)","decl":{"start":{"line":4,"column":40},"end":{"line":4,"column":41}},"loc":{"start":{"line":4,"column":46},"end":{"line":42,"column":1}},"line":4},"1":{"name":"(anonymous_1)","decl":{"start":{"line":6,"column":44},"end":{"line":6,"column":45}},"loc":{"start":{"line":6,"column":50},"end":{"line":9,"column":3}},"line":6},"2":{"name":"(anonymous_2)","decl":{"start":{"line":11,"column":41},"end":{"line":11,"column":42}},"loc":{"start":{"line":11,"column":47},"end":{"line":14,"column":3}},"line":11},"3":{"name":"(anonymous_3)","decl":{"start":{"line":16,"column":45},"end":{"line":16,"column":46}},"loc":{"start":{"line":16,"column":51},"end":{"line":19,"column":3}},"line":16},"4":{"name":"(anonymous_4)","decl":{"start":{"line":21,"column":34},"end":{"line":21,"column":35}},"loc":{"start":{"line":21,"column":40},"end":{"line":25,"column":3}},"line":21},"5":{"name":"(anonymous_5)","decl":{"start":{"line":27,"column":34},"end":{"line":27,"column":35}},"loc":{"start":{"line":27,"column":40},"end":{"line":31,"column":3}},"line":27},"6":{"name":"(anonymous_6)","decl":{"start":{"line":33,"column":45},"end":{"line":33,"column":46}},"loc":{"start":{"line":33,"column":51},"end":{"line":36,"column":3}},"line":33},"7":{"name":"(anonymous_7)","decl":{"start":{"line":38,"column":36},"end":{"line":38,"column":37}},"loc":{"start":{"line":38,"column":42},"end":{"line":41,"column":3}},"line":38},"8":{"name":"(anonymous_8)","decl":{"start":{"line":39,"column":21},"end":{"line":39,"column":22}},"loc":{"start":{"line":39,"column":27},"end":{"line":39,"column":29}},"line":39},"9":{"name":"(anonymous_9)","decl":{"start":{"line":40,"column":21},"end":{"line":40,"column":22}},"loc":{"start":{"line":40,"column":33},"end":{"line":40,"column":35}},"line":40}},"branchMap":{},"s":{"0":1,"1":1,"2":1,"3":1,"4":1,"5":1,"6":1,"7":1,"8":1,"9":1,"10":1,"11":1,"12":1,"13":1,"14":1,"15":1,"16":1,"17":1,"18":1,"19":1,"20":1,"21":1,"22":1,"23":1},"f":{"0":1,"1":1,"2":1,"3":1,"4":1,"5":1,"6":1,"7":1,"8":0,"9":0},"b":{},"_coverageSchema":"1a1c01bbd47fc00a2c39e90264f33305004495a9","hash":"edbda5093e8742f2906e4eee9250cec57f896a33","contentHash":"e3aa8c18e3443e82b18fc7b3f2cc9122bb349b21324a080dccc89548aca2b53f"},"C:\\Users\\mikko\\Kurssit\\Ohjelmistojen ylläpito ja testaus\\vikaharkka\\test\\isBuffer.test.js":{"path":"C:\\Users\\mikko\\Kurssit\\Ohjelmistojen ylläpito ja testaus\\vikaharkka\\test\\isBuffer.test.js","statementMap":{"0":{"start":{"line":4,"column":0},"end":{"line":36,"column":3}},"1":{"start":{"line":6,"column":2},"end":{"line":9,"column":5}},"2":{"start":{"line":7,"column":16},"end":{"line":7,"column":38}},"3":{"start":{"line":8,"column":4},"end":{"line":8,"column":42}},"4":{"start":{"line":11,"column":2},"end":{"line":13,"column":5}},"5":{"start":{"line":12,"column":4},"end":{"line":12,"column":56}},"6":{"start":{"line":15,"column":2},"end":{"line":17,"column":5}},"7":{"start":{"line":16,"column":4},"end":{"line":16,"column":41}},"8":{"start":{"line":19,"column":2},"end":{"line":21,"column":5}},"9":{"start":{"line":20,"column":4},"end":{"line":20,"column":48}},"10":{"start":{"line":23,"column":2},"end":{"line":25,"column":5}},"11":{"start":{"line":24,"column":4},"end":{"line":24,"column":44}},"12":{"start":{"line":27,"column":2},"end":{"line":30,"column":5}},"13":{"start":{"line":28,"column":4},"end":{"line":28,"column":43}},"14":{"start":{"line":29,"column":4},"end":{"line":29,"column":48}},"15":{"start":{"line":32,"column":2},"end":{"line":35,"column":5}},"16":{"start":{"line":33,"column":4},"end":{"line":33,"column":42}},"17":{"start":{"line":34,"column":4},"end":{"line":34,"column":43}}},"fnMap":{"0":{"name":"(anonymous_0)","decl":{"start":{"line":4,"column":39},"end":{"line":4,"column":40}},"loc":{"start":{"line":4,"column":45},"end":{"line":36,"column":1}},"line":4},"1":{"name":"(anonymous_1)","decl":{"start":{"line":6,"column":59},"end":{"line":6,"column":60}},"loc":{"start":{"line":6,"column":65},"end":{"line":9,"column":3}},"line":6},"2":{"name":"(anonymous_2)","decl":{"start":{"line":11,"column":37},"end":{"line":11,"column":38}},"loc":{"start":{"line":11,"column":43},"end":{"line":13,"column":3}},"line":11},"3":{"name":"(anonymous_3)","decl":{"start":{"line":15,"column":40},"end":{"line":15,"column":41}},"loc":{"start":{"line":15,"column":46},"end":{"line":17,"column":3}},"line":15},"4":{"name":"(anonymous_4)","decl":{"start":{"line":19,"column":33},"end":{"line":19,"column":34}},"loc":{"start":{"line":19,"column":39},"end":{"line":21,"column":3}},"line":19},"5":{"name":"(anonymous_5)","decl":{"start":{"line":23,"column":34},"end":{"line":23,"column":35}},"loc":{"start":{"line":23,"column":40},"end":{"line":25,"column":3}},"line":23},"6":{"name":"(anonymous_6)","decl":{"start":{"line":27,"column":45},"end":{"line":27,"column":46}},"loc":{"start":{"line":27,"column":51},"end":{"line":30,"column":3}},"line":27},"7":{"name":"(anonymous_7)","decl":{"start":{"line":32,"column":47},"end":{"line":32,"column":48}},"loc":{"start":{"line":32,"column":53},"end":{"line":35,"column":3}},"line":32}},"branchMap":{},"s":{"0":1,"1":1,"2":1,"3":1,"4":1,"5":1,"6":1,"7":1,"8":1,"9":1,"10":1,"11":1,"12":1,"13":1,"14":1,"15":1,"16":1,"17":1},"f":{"0":1,"1":1,"2":1,"3":1,"4":1,"5":1,"6":1,"7":1},"b":{},"_coverageSchema":"1a1c01bbd47fc00a2c39e90264f33305004495a9","hash":"6d884e2da1b6476ffc5081e9b416d9314bf9c3a9","contentHash":"42d584467b5a85ce4876392422bce2d08dbb09b31ba230247d2844f4fde5a0b6"},"C:\\Users\\mikko\\Kurssit\\Ohjelmistojen ylläpito ja testaus\\vikaharkka\\test\\isDate.test.js":{"path":"C:\\Users\\mikko\\Kurssit\\Ohjelmistojen ylläpito ja testaus\\vikaharkka\\test\\isDate.test.js","statementMap":{"0":{"start":{"line":4,"column":0},"end":{"line":43,"column":3}},"1":{"start":{"line":6,"column":2},"end":{"line":8,"column":5}},"2":{"start":{"line":7,"column":4},"end":{"line":7,"column":46}},"3":{"start":{"line":10,"column":2},"end":{"line":13,"column":5}},"4":{"start":{"line":11,"column":4},"end":{"line":11,"column":56}},"5":{"start":{"line":12,"column":4},"end":{"line":12,"column":49}},"6":{"start":{"line":15,"column":2},"end":{"line":18,"column":5}},"7":{"start":{"line":16,"column":4},"end":{"line":16,"column":47}},"8":{"start":{"line":17,"column":4},"end":{"line":17,"column":46}},"9":{"start":{"line":20,"column":2},"end":{"line":22,"column":5}},"10":{"start":{"line":21,"column":4},"end":{"line":21,"column":39}},"11":{"start":{"line":24,"column":2},"end":{"line":26,"column":5}},"12":{"start":{"line":25,"column":4},"end":{"line":25,"column":39}},"13":{"start":{"line":28,"column":2},"end":{"line":31,"column":5}},"14":{"start":{"line":29,"column":4},"end":{"line":29,"column":41}},"15":{"start":{"line":30,"column":4},"end":{"line":30,"column":46}},"16":{"start":{"line":33,"column":2},"end":{"line":36,"column":5}},"17":{"start":{"line":34,"column":4},"end":{"line":34,"column":45}},"18":{"start":{"line":35,"column":4},"end":{"line":35,"column":51}},"19":{"start":{"line":38,"column":2},"end":{"line":42,"column":5}},"20":{"start":{"line":39,"column":4},"end":{"line":39,"column":54}},"21":{"start":{"line":40,"column":4},"end":{"line":40,"column":50}},"22":{"start":{"line":41,"column":4},"end":{"line":41,"column":54}}},"fnMap":{"0":{"name":"(anonymous_0)","decl":{"start":{"line":4,"column":37},"end":{"line":4,"column":38}},"loc":{"start":{"line":4,"column":43},"end":{"line":43,"column":1}},"line":4},"1":{"name":"(anonymous_1)","decl":{"start":{"line":6,"column":38},"end":{"line":6,"column":39}},"loc":{"start":{"line":6,"column":44},"end":{"line":8,"column":3}},"line":6},"2":{"name":"(anonymous_2)","decl":{"start":{"line":10,"column":39},"end":{"line":10,"column":40}},"loc":{"start":{"line":10,"column":45},"end":{"line":13,"column":3}},"line":10},"3":{"name":"(anonymous_3)","decl":{"start":{"line":15,"column":34},"end":{"line":15,"column":35}},"loc":{"start":{"line":15,"column":40},"end":{"line":18,"column":3}},"line":15},"4":{"name":"(anonymous_4)","decl":{"start":{"line":20,"column":40},"end":{"line":20,"column":41}},"loc":{"start":{"line":20,"column":46},"end":{"line":22,"column":3}},"line":20},"5":{"name":"(anonymous_5)","decl":{"start":{"line":24,"column":33},"end":{"line":24,"column":34}},"loc":{"start":{"line":24,"column":39},"end":{"line":26,"column":3}},"line":24},"6":{"name":"(anonymous_6)","decl":{"start":{"line":28,"column":45},"end":{"line":28,"column":46}},"loc":{"start":{"line":28,"column":51},"end":{"line":31,"column":3}},"line":28},"7":{"name":"(anonymous_7)","decl":{"start":{"line":33,"column":36},"end":{"line":33,"column":37}},"loc":{"start":{"line":33,"column":42},"end":{"line":36,"column":3}},"line":33},"8":{"name":"(anonymous_8)","decl":{"start":{"line":34,"column":18},"end":{"line":34,"column":19}},"loc":{"start":{"line":34,"column":24},"end":{"line":34,"column":26}},"line":34},"9":{"name":"(anonymous_9)","decl":{"start":{"line":35,"column":18},"end":{"line":35,"column":19}},"loc":{"start":{"line":35,"column":30},"end":{"line":35,"column":32}},"line":35},"10":{"name":"(anonymous_10)","decl":{"start":{"line":38,"column":62},"end":{"line":38,"column":63}},"loc":{"start":{"line":38,"column":68},"end":{"line":42,"column":3}},"line":38}},"branchMap":{},"s":{"0":1,"1":1,"2":1,"3":1,"4":1,"5":1,"6":1,"7":1,"8":1,"9":1,"10":1,"11":1,"12":1,"13":1,"14":1,"15":1,"16":1,"17":1,"18":1,"19":1,"20":1,"21":1,"22":1},"f":{"0":1,"1":1,"2":1,"3":1,"4":1,"5":1,"6":1,"7":1,"8":0,"9":0,"10":1},"b":{},"_coverageSchema":"1a1c01bbd47fc00a2c39e90264f33305004495a9","hash":"39417386a147ae136396bbc6f146ca4b4853533f","contentHash":"993854b5053c7a4216c79ffaafca85d1cc9642c2c61ac9ad05ab8bf5bba5f0d3"},"C:\\Users\\mikko\\Kurssit\\Ohjelmistojen ylläpito ja testaus\\vikaharkka\\test\\isEmpty.test.js":{"path":"C:\\Users\\mikko\\Kurssit\\Ohjelmistojen ylläpito ja testaus\\vikaharkka\\test\\isEmpty.test.js","statementMap":{"0":{"start":{"line":4,"column":0},"end":{"line":124,"column":3}},"1":{"start":{"line":8,"column":2},"end":{"line":11,"column":5}},"2":{"start":{"line":9,"column":4},"end":{"line":9,"column":41}},"3":{"start":{"line":10,"column":4},"end":{"line":10,"column":46}},"4":{"start":{"line":13,"column":2},"end":{"line":18,"column":5}},"5":{"start":{"line":14,"column":4},"end":{"line":14,"column":41}},"6":{"start":{"line":15,"column":4},"end":{"line":15,"column":42}},"7":{"start":{"line":16,"column":4},"end":{"line":16,"column":38}},"8":{"start":{"line":17,"column":4},"end":{"line":17,"column":39}},"9":{"start":{"line":22,"column":2},"end":{"line":24,"column":5}},"10":{"start":{"line":23,"column":4},"end":{"line":23,"column":39}},"11":{"start":{"line":26,"column":2},"end":{"line":28,"column":5}},"12":{"start":{"line":27,"column":4},"end":{"line":27,"column":47}},"13":{"start":{"line":30,"column":2},"end":{"line":32,"column":5}},"14":{"start":{"line":31,"column":4},"end":{"line":31,"column":39}},"15":{"start":{"line":34,"column":2},"end":{"line":36,"column":5}},"16":{"start":{"line":35,"column":4},"end":{"line":35,"column":43}},"17":{"start":{"line":38,"column":2},"end":{"line":42,"column":5}},"18":{"start":{"line":39,"column":4},"end":{"line":41,"column":9}},"19":{"start":{"line":40,"column":6},"end":{"line":40,"column":48}},"20":{"start":{"line":44,"column":2},"end":{"line":48,"column":5}},"21":{"start":{"line":45,"column":4},"end":{"line":47,"column":10}},"22":{"start":{"line":46,"column":6},"end":{"line":46,"column":49}},"23":{"start":{"line":52,"column":2},"end":{"line":54,"column":5}},"24":{"start":{"line":53,"column":4},"end":{"line":53,"column":39}},"25":{"start":{"line":56,"column":2},"end":{"line":58,"column":5}},"26":{"start":{"line":57,"column":4},"end":{"line":57,"column":46}},"27":{"start":{"line":62,"column":2},"end":{"line":64,"column":5}},"28":{"start":{"line":63,"column":4},"end":{"line":63,"column":46}},"29":{"start":{"line":66,"column":2},"end":{"line":70,"column":5}},"30":{"start":{"line":67,"column":14},"end":{"line":67,"column":23}},"31":{"start":{"line":68,"column":4},"end":{"line":68,"column":18}},"32":{"start":{"line":69,"column":4},"end":{"line":69,"column":39}},"33":{"start":{"line":72,"column":2},"end":{"line":74,"column":5}},"34":{"start":{"line":73,"column":4},"end":{"line":73,"column":46}},"35":{"start":{"line":76,"column":2},"end":{"line":80,"column":5}},"36":{"start":{"line":77,"column":14},"end":{"line":77,"column":23}},"37":{"start":{"line":78,"column":4},"end":{"line":78,"column":13}},"38":{"start":{"line":79,"column":4},"end":{"line":79,"column":39}},"39":{"start":{"line":84,"column":2},"end":{"line":86,"column":5}},"40":{"start":{"line":85,"column":4},"end":{"line":85,"column":54}},"41":{"start":{"line":88,"column":2},"end":{"line":90,"column":5}},"42":{"start":{"line":89,"column":4},"end":{"line":89,"column":60}},"43":{"start":{"line":101,"column":2},"end":{"line":104,"column":5}},"44":{"start":{"line":102,"column":16},"end":{"line":102,"column":38}},"45":{"start":{"line":103,"column":4},"end":{"line":103,"column":41}},"46":{"start":{"line":106,"column":2},"end":{"line":109,"column":5}},"47":{"start":{"line":107,"column":16},"end":{"line":107,"column":31}},"48":{"start":{"line":108,"column":4},"end":{"line":108,"column":40}},"49":{"start":{"line":114,"column":2},"end":{"line":117,"column":5}},"50":{"start":{"line":116,"column":4},"end":{"line":116,"column":50}},"51":{"start":{"line":119,"column":2},"end":{"line":123,"column":5}},"52":{"start":{"line":121,"column":4},"end":{"line":121,"column":24}},"53":{"start":{"line":122,"column":4},"end":{"line":122,"column":51}}},"fnMap":{"0":{"name":"(anonymous_0)","decl":{"start":{"line":4,"column":38},"end":{"line":4,"column":39}},"loc":{"start":{"line":4,"column":44},"end":{"line":124,"column":1}},"line":4},"1":{"name":"(anonymous_1)","decl":{"start":{"line":8,"column":44},"end":{"line":8,"column":45}},"loc":{"start":{"line":8,"column":50},"end":{"line":11,"column":3}},"line":8},"2":{"name":"(anonymous_2)","decl":{"start":{"line":13,"column":42},"end":{"line":13,"column":43}},"loc":{"start":{"line":13,"column":48},"end":{"line":18,"column":3}},"line":13},"3":{"name":"(anonymous_3)","decl":{"start":{"line":22,"column":38},"end":{"line":22,"column":39}},"loc":{"start":{"line":22,"column":44},"end":{"line":24,"column":3}},"line":22},"4":{"name":"(anonymous_4)","decl":{"start":{"line":26,"column":43},"end":{"line":26,"column":44}},"loc":{"start":{"line":26,"column":49},"end":{"line":28,"column":3}},"line":26},"5":{"name":"(anonymous_5)","decl":{"start":{"line":30,"column":39},"end":{"line":30,"column":40}},"loc":{"start":{"line":30,"column":45},"end":{"line":32,"column":3}},"line":30},"6":{"name":"(anonymous_6)","decl":{"start":{"line":34,"column":44},"end":{"line":34,"column":45}},"loc":{"start":{"line":34,"column":50},"end":{"line":36,"column":3}},"line":34},"7":{"name":"(anonymous_7)","decl":{"start":{"line":38,"column":49},"end":{"line":38,"column":50}},"loc":{"start":{"line":38,"column":55},"end":{"line":42,"column":3}},"line":38},"8":{"name":"(anonymous_8)","decl":{"start":{"line":39,"column":5},"end":{"line":39,"column":6}},"loc":{"start":{"line":39,"column":17},"end":{"line":41,"column":5}},"line":39},"9":{"name":"(anonymous_9)","decl":{"start":{"line":44,"column":54},"end":{"line":44,"column":55}},"loc":{"start":{"line":44,"column":60},"end":{"line":48,"column":3}},"line":44},"10":{"name":"(anonymous_10)","decl":{"start":{"line":45,"column":5},"end":{"line":45,"column":6}},"loc":{"start":{"line":45,"column":18},"end":{"line":47,"column":5}},"line":45},"11":{"name":"(anonymous_11)","decl":{"start":{"line":52,"column":39},"end":{"line":52,"column":40}},"loc":{"start":{"line":52,"column":45},"end":{"line":54,"column":3}},"line":52},"12":{"name":"(anonymous_12)","decl":{"start":{"line":56,"column":54},"end":{"line":56,"column":55}},"loc":{"start":{"line":56,"column":60},"end":{"line":58,"column":3}},"line":56},"13":{"name":"(anonymous_13)","decl":{"start":{"line":62,"column":35},"end":{"line":62,"column":36}},"loc":{"start":{"line":62,"column":41},"end":{"line":64,"column":3}},"line":62},"14":{"name":"(anonymous_14)","decl":{"start":{"line":66,"column":40},"end":{"line":66,"column":41}},"loc":{"start":{"line":66,"column":46},"end":{"line":70,"column":3}},"line":66},"15":{"name":"(anonymous_15)","decl":{"start":{"line":72,"column":35},"end":{"line":72,"column":36}},"loc":{"start":{"line":72,"column":41},"end":{"line":74,"column":3}},"line":72},"16":{"name":"(anonymous_16)","decl":{"start":{"line":76,"column":40},"end":{"line":76,"column":41}},"loc":{"start":{"line":76,"column":46},"end":{"line":80,"column":3}},"line":76},"17":{"name":"(anonymous_17)","decl":{"start":{"line":84,"column":44},"end":{"line":84,"column":45}},"loc":{"start":{"line":84,"column":50},"end":{"line":86,"column":3}},"line":84},"18":{"name":"(anonymous_18)","decl":{"start":{"line":88,"column":49},"end":{"line":88,"column":50}},"loc":{"start":{"line":88,"column":55},"end":{"line":90,"column":3}},"line":88},"19":{"name":"(anonymous_19)","decl":{"start":{"line":101,"column":86},"end":{"line":101,"column":87}},"loc":{"start":{"line":101,"column":92},"end":{"line":104,"column":3}},"line":101},"20":{"name":"(anonymous_20)","decl":{"start":{"line":106,"column":57},"end":{"line":106,"column":58}},"loc":{"start":{"line":106,"column":63},"end":{"line":109,"column":3}},"line":106},"21":{"name":"(anonymous_21)","decl":{"start":{"line":114,"column":49},"end":{"line":114,"column":50}},"loc":{"start":{"line":114,"column":55},"end":{"line":117,"column":3}},"line":114},"22":{"name":"Foo","decl":{"start":{"line":115,"column":13},"end":{"line":115,"column":16}},"loc":{"start":{"line":115,"column":19},"end":{"line":115,"column":21}},"line":115},"23":{"name":"(anonymous_23)","decl":{"start":{"line":119,"column":64},"end":{"line":119,"column":65}},"loc":{"start":{"line":119,"column":70},"end":{"line":123,"column":3}},"line":119},"24":{"name":"Foo","decl":{"start":{"line":120,"column":13},"end":{"line":120,"column":16}},"loc":{"start":{"line":120,"column":19},"end":{"line":120,"column":21}},"line":120}},"branchMap":{},"s":{"0":1,"1":1,"2":1,"3":1,"4":1,"5":1,"6":1,"7":1,"8":1,"9":1,"10":1,"11":1,"12":1,"13":1,"14":1,"15":1,"16":1,"17":1,"18":1,"19":1,"20":1,"21":1,"22":1,"23":1,"24":1,"25":1,"26":1,"27":1,"28":1,"29":1,"30":1,"31":1,"32":1,"33":1,"34":1,"35":1,"36":1,"37":1,"38":1,"39":1,"40":1,"41":1,"42":1,"43":1,"44":1,"45":1,"46":1,"47":1,"48":1,"49":1,"50":1,"51":1,"52":1,"53":1},"f":{"0":1,"1":1,"2":1,"3":1,"4":1,"5":1,"6":1,"7":1,"8":1,"9":1,"10":1,"11":1,"12":1,"13":1,"14":1,"15":1,"16":1,"17":1,"18":1,"19":1,"20":1,"21":1,"22":0,"23":1,"24":0},"b":{},"_coverageSchema":"1a1c01bbd47fc00a2c39e90264f33305004495a9","hash":"1bb9f97a0f7798eff84dc0ff9e7a2763bc0e2c35","contentHash":"d67b35c5cf3dc4ea95346a645543f56dd55c754ec0d9bb6eb083841e6d077d98"}}